2017-06-12 13:15:01,572 INFO o.a.j.u.JMeterUtils: Setting Locale to zh_CN
2017-06-12 13:15:01,589 INFO o.a.j.JMeter: Loading user properties from: /Users/ixan/Desktop/School Works/apache-jmeter-3.2/bin/user.properties
2017-06-12 13:15:01,590 INFO o.a.j.JMeter: Loading system properties from: /Users/ixan/Desktop/School Works/apache-jmeter-3.2/bin/system.properties
2017-06-12 13:15:01,597 INFO o.a.j.JMeter: Copyright (c) 1998-2017 The Apache Software Foundation
2017-06-12 13:15:01,597 INFO o.a.j.JMeter: Version 3.2 r1790748
2017-06-12 13:15:01,597 INFO o.a.j.JMeter: java.version=1.8.0_111
2017-06-12 13:15:01,597 INFO o.a.j.JMeter: java.vm.name=Java HotSpot(TM) 64-Bit Server VM
2017-06-12 13:15:01,597 INFO o.a.j.JMeter: os.name=Mac OS X
2017-06-12 13:15:01,597 INFO o.a.j.JMeter: os.arch=x86_64
2017-06-12 13:15:01,597 INFO o.a.j.JMeter: os.version=10.12.5
2017-06-12 13:15:01,597 INFO o.a.j.JMeter: file.encoding=UTF-8
2017-06-12 13:15:01,597 INFO o.a.j.JMeter: Max memory     =3817865216
2017-06-12 13:15:01,597 INFO o.a.j.JMeter: Available Processors =8
2017-06-12 13:15:01,606 INFO o.a.j.JMeter: Default Locale=中文 (中国)
2017-06-12 13:15:01,607 INFO o.a.j.JMeter: JMeter  Locale=中文 (中国)
2017-06-12 13:15:01,607 INFO o.a.j.JMeter: JMeterHome=/Users/ixan/Desktop/School Works/apache-jmeter-3.2
2017-06-12 13:15:01,607 INFO o.a.j.JMeter: user.dir  =/Users/ixan/Documents/gits/DanmukuMirror
2017-06-12 13:15:01,607 INFO o.a.j.JMeter: PWD       =/Users/ixan/Documents/gits/DanmukuMirror
2017-06-12 13:15:01,675 INFO o.a.j.JMeter: IP: 10.211.55.2 Name: Isaacs-MacBook-Pro.local FullName: 10.211.55.2
2017-06-12 13:15:04,964 INFO o.a.j.g.a.LookAndFeelCommand: Using look and feel: com.apple.laf.AquaLookAndFeel [Mac OS X, System]
2017-06-12 13:15:04,969 INFO o.a.j.JMeter: Loaded icon properties from org/apache/jmeter/images/icon.properties
2017-06-12 13:15:05,616 INFO o.a.j.e.u.CompoundVariable: Note: Function class names must contain the string: '.functions.'
2017-06-12 13:15:05,616 INFO o.a.j.e.u.CompoundVariable: Note: Function class names must not contain the string: '.gui.'
2017-06-12 13:15:06,343 INFO o.a.j.g.u.MenuFactory: Skipping org.apache.jmeter.assertions.BSFAssertion
2017-06-12 13:15:07,025 INFO o.a.j.g.u.MenuFactory: Skipping org.apache.jmeter.extractor.BSFPostProcessor
2017-06-12 13:15:07,055 INFO o.a.j.g.u.MenuFactory: Skipping org.apache.jmeter.modifiers.BSFPreProcessor
2017-06-12 13:15:07,082 INFO o.a.j.p.h.s.HTTPSamplerBase: Parser for text/html is org.apache.jmeter.protocol.http.parser.LagartoBasedHtmlParser
2017-06-12 13:15:07,083 INFO o.a.j.p.h.s.HTTPSamplerBase: Parser for application/xhtml+xml is org.apache.jmeter.protocol.http.parser.LagartoBasedHtmlParser
2017-06-12 13:15:07,083 INFO o.a.j.p.h.s.HTTPSamplerBase: Parser for application/xml is org.apache.jmeter.protocol.http.parser.LagartoBasedHtmlParser
2017-06-12 13:15:07,083 INFO o.a.j.p.h.s.HTTPSamplerBase: Parser for text/xml is org.apache.jmeter.protocol.http.parser.LagartoBasedHtmlParser
2017-06-12 13:15:07,083 INFO o.a.j.p.h.s.HTTPSamplerBase: Parser for text/vnd.wap.wml is org.apache.jmeter.protocol.http.parser.RegexpHTMLParser
2017-06-12 13:15:07,083 INFO o.a.j.p.h.s.HTTPSamplerBase: Parser for text/css is org.apache.jmeter.protocol.http.parser.CssParser
2017-06-12 13:15:07,488 INFO o.a.j.e.KeyToolUtils: keytool found at 'keytool'
2017-06-12 13:15:07,488 INFO o.a.j.p.h.p.ProxyControl: HTTP(S) Test Script Recorder SSL Proxy will use keys that support embedded 3rd party resources in file /Users/ixan/Desktop/School Works/apache-jmeter-3.2/bin/proxyserver.jks
2017-06-12 13:15:07,605 INFO o.a.j.g.u.MenuFactory: Skipping org.apache.jmeter.protocol.java.sampler.BSFSampler
2017-06-12 13:15:07,633 INFO o.a.j.s.FileServer: Default base='/Users/ixan/Documents/gits/DanmukuMirror'
2017-06-12 13:15:07,702 INFO o.a.j.g.u.MenuFactory: Skipping org.apache.jmeter.protocol.mongodb.config.MongoSourceElement
2017-06-12 13:15:07,702 INFO o.a.j.g.u.MenuFactory: Skipping org.apache.jmeter.protocol.mongodb.sampler.MongoScriptSampler
2017-06-12 13:15:07,816 INFO o.a.j.g.u.MenuFactory: Skipping org.apache.jmeter.timers.BSFTimer
2017-06-12 13:15:07,852 INFO o.a.j.g.u.MenuFactory: Skipping org.apache.jmeter.visualizers.BSFListener
2017-06-12 13:15:07,981 INFO o.a.j.s.SampleResult: Note: Sample TimeStamps are START times
2017-06-12 13:15:07,981 INFO o.a.j.s.SampleResult: sampleresult.default.encoding is set to ISO-8859-1
2017-06-12 13:15:07,981 INFO o.a.j.s.SampleResult: sampleresult.useNanoTime=true
2017-06-12 13:15:07,981 INFO o.a.j.s.SampleResult: sampleresult.nanoThreadSleep=5000
2017-06-12 13:16:25,929 INFO o.a.j.e.StandardJMeterEngine: Running the test!
2017-06-12 13:16:25,936 INFO o.a.j.s.SampleEvent: List of sample_variables: []
2017-06-12 13:16:25,936 INFO o.a.j.s.SampleEvent: List of sample_variables: []
2017-06-12 13:16:25,940 INFO o.a.j.g.u.JMeterMenuBar: setRunning(true, *local*)
2017-06-12 13:16:25,952 INFO o.a.j.e.StandardJMeterEngine: Starting setUp thread groups
2017-06-12 13:16:25,952 INFO o.a.j.e.StandardJMeterEngine: Starting setUp ThreadGroup: 1 : setUp Thread Group
2017-06-12 13:16:25,953 INFO o.a.j.e.StandardJMeterEngine: Starting 1 threads for group setUp Thread Group.
2017-06-12 13:16:25,953 INFO o.a.j.e.StandardJMeterEngine: Thread will continue on error
2017-06-12 13:16:25,953 INFO o.a.j.t.ThreadGroup: Starting thread group... number=1 threads=1 ramp-up=1 perThread=1000.0 delayedStart=false
2017-06-12 13:16:25,956 INFO o.a.j.t.ThreadGroup: Started thread group number 1
2017-06-12 13:16:25,956 INFO o.a.j.e.StandardJMeterEngine: Waiting for all setup thread groups to exit
2017-06-12 13:16:25,957 INFO o.a.j.t.JMeterThread: Thread started: setUp Thread Group 1-1
2017-06-12 13:16:25,975 INFO o.a.j.p.h.s.HTTPHCAbstractImpl: Local host = Isaacs-MacBook-Pro.local
2017-06-12 13:16:25,980 INFO o.a.j.p.h.s.HTTPHC4Impl: HTTP request retry count = 0
2017-06-12 13:16:29,859 INFO o.a.j.t.JMeterThread: Thread is done: setUp Thread Group 1-1
2017-06-12 13:16:29,859 INFO o.a.j.t.JMeterThread: Thread finished: setUp Thread Group 1-1
2017-06-12 13:16:29,861 INFO o.a.j.e.StandardJMeterEngine: All Setup Threads have ended
2017-06-12 13:16:29,979 INFO o.a.j.e.StandardJMeterEngine: No enabled thread groups found
2017-06-12 13:16:29,979 INFO o.a.j.e.StandardJMeterEngine: Notifying test listeners of end of test
2017-06-12 13:16:29,979 INFO o.a.j.g.u.JMeterMenuBar: setRunning(false, *local*)
2017-06-12 13:16:47,993 INFO o.a.j.e.StandardJMeterEngine: Running the test!
2017-06-12 13:16:47,993 INFO o.a.j.s.SampleEvent: List of sample_variables: []
2017-06-12 13:16:47,994 INFO o.a.j.g.u.JMeterMenuBar: setRunning(true, *local*)
2017-06-12 13:16:48,016 INFO o.a.j.e.StandardJMeterEngine: Starting setUp thread groups
2017-06-12 13:16:48,016 INFO o.a.j.e.StandardJMeterEngine: Starting setUp ThreadGroup: 1 : setUp Thread Group
2017-06-12 13:16:48,017 INFO o.a.j.e.StandardJMeterEngine: Starting 100 threads for group setUp Thread Group.
2017-06-12 13:16:48,017 INFO o.a.j.e.StandardJMeterEngine: Thread will continue on error
2017-06-12 13:16:48,017 INFO o.a.j.t.ThreadGroup: Starting thread group... number=1 threads=100 ramp-up=10 perThread=100.0 delayedStart=false
2017-06-12 13:16:48,018 INFO o.a.j.t.JMeterThread: Thread started: setUp Thread Group 1-1
2017-06-12 13:16:48,040 INFO o.a.j.t.ThreadGroup: Started thread group number 1
2017-06-12 13:16:48,041 INFO o.a.j.e.StandardJMeterEngine: Waiting for all setup thread groups to exit
2017-06-12 13:16:48,121 INFO o.a.j.t.JMeterThread: Thread started: setUp Thread Group 1-2
2017-06-12 13:16:48,225 INFO o.a.j.t.JMeterThread: Thread started: setUp Thread Group 1-3
2017-06-12 13:16:48,324 INFO o.a.j.t.JMeterThread: Thread started: setUp Thread Group 1-4
2017-06-12 13:16:48,421 INFO o.a.j.t.JMeterThread: Thread started: setUp Thread Group 1-5
2017-06-12 13:16:48,526 INFO o.a.j.t.JMeterThread: Thread started: setUp Thread Group 1-6
2017-06-12 13:16:48,626 INFO o.a.j.t.JMeterThread: Thread started: setUp Thread Group 1-7
2017-06-12 13:16:48,715 INFO o.a.j.t.JMeterThread: Thread is done: setUp Thread Group 1-1
2017-06-12 13:16:48,715 INFO o.a.j.t.JMeterThread: Thread finished: setUp Thread Group 1-1
2017-06-12 13:16:48,726 INFO o.a.j.t.JMeterThread: Thread started: setUp Thread Group 1-8
2017-06-12 13:16:48,826 INFO o.a.j.t.JMeterThread: Thread started: setUp Thread Group 1-9
2017-06-12 13:16:48,926 INFO o.a.j.t.JMeterThread: Thread started: setUp Thread Group 1-10
2017-06-12 13:16:48,932 INFO o.a.j.t.JMeterThread: Thread is done: setUp Thread Group 1-2
2017-06-12 13:16:48,933 INFO o.a.j.t.JMeterThread: Thread finished: setUp Thread Group 1-2
2017-06-12 13:16:49,025 INFO o.a.j.t.JMeterThread: Thread started: setUp Thread Group 1-11
2017-06-12 13:16:49,126 INFO o.a.j.t.JMeterThread: Thread started: setUp Thread Group 1-12
2017-06-12 13:16:49,227 INFO o.a.j.t.JMeterThread: Thread started: setUp Thread Group 1-13
2017-06-12 13:16:49,326 INFO o.a.j.t.JMeterThread: Thread started: setUp Thread Group 1-14
2017-06-12 13:16:49,426 INFO o.a.j.t.JMeterThread: Thread started: setUp Thread Group 1-15
2017-06-12 13:16:49,527 INFO o.a.j.t.JMeterThread: Thread started: setUp Thread Group 1-16
2017-06-12 13:16:49,628 INFO o.a.j.t.JMeterThread: Thread started: setUp Thread Group 1-17
2017-06-12 13:16:49,729 INFO o.a.j.t.JMeterThread: Thread started: setUp Thread Group 1-18
2017-06-12 13:16:49,828 INFO o.a.j.t.JMeterThread: Thread started: setUp Thread Group 1-19
2017-06-12 13:16:49,927 INFO o.a.j.t.JMeterThread: Thread started: setUp Thread Group 1-20
2017-06-12 13:16:50,027 INFO o.a.j.t.JMeterThread: Thread started: setUp Thread Group 1-21
2017-06-12 13:16:50,127 INFO o.a.j.t.JMeterThread: Thread started: setUp Thread Group 1-22
2017-06-12 13:16:50,227 INFO o.a.j.t.JMeterThread: Thread started: setUp Thread Group 1-23
2017-06-12 13:16:50,327 INFO o.a.j.t.JMeterThread: Thread started: setUp Thread Group 1-24
2017-06-12 13:16:50,430 INFO o.a.j.t.JMeterThread: Thread started: setUp Thread Group 1-25
2017-06-12 13:16:50,527 INFO o.a.j.t.JMeterThread: Thread started: setUp Thread Group 1-26
2017-06-12 13:16:50,630 INFO o.a.j.t.JMeterThread: Thread started: setUp Thread Group 1-27
2017-06-12 13:16:50,731 INFO o.a.j.t.JMeterThread: Thread started: setUp Thread Group 1-28
2017-06-12 13:16:50,828 INFO o.a.j.t.JMeterThread: Thread started: setUp Thread Group 1-29
2017-06-12 13:16:50,931 INFO o.a.j.t.JMeterThread: Thread started: setUp Thread Group 1-30
2017-06-12 13:16:51,028 INFO o.a.j.t.JMeterThread: Thread started: setUp Thread Group 1-31
2017-06-12 13:16:51,130 INFO o.a.j.t.JMeterThread: Thread started: setUp Thread Group 1-32
2017-06-12 13:16:51,232 INFO o.a.j.t.JMeterThread: Thread started: setUp Thread Group 1-33
2017-06-12 13:16:51,333 INFO o.a.j.t.JMeterThread: Thread started: setUp Thread Group 1-34
2017-06-12 13:16:51,431 INFO o.a.j.t.JMeterThread: Thread started: setUp Thread Group 1-35
2017-06-12 13:16:51,532 INFO o.a.j.t.JMeterThread: Thread started: setUp Thread Group 1-36
2017-06-12 13:16:51,633 INFO o.a.j.t.JMeterThread: Thread started: setUp Thread Group 1-37
2017-06-12 13:16:51,733 INFO o.a.j.t.JMeterThread: Thread started: setUp Thread Group 1-38
2017-06-12 13:16:51,835 INFO o.a.j.t.JMeterThread: Thread started: setUp Thread Group 1-39
2017-06-12 13:16:51,932 INFO o.a.j.t.JMeterThread: Thread started: setUp Thread Group 1-40
2017-06-12 13:16:52,035 INFO o.a.j.t.JMeterThread: Thread started: setUp Thread Group 1-41
2017-06-12 13:16:52,129 INFO o.a.j.t.JMeterThread: Thread started: setUp Thread Group 1-42
2017-06-12 13:16:52,230 INFO o.a.j.t.JMeterThread: Thread started: setUp Thread Group 1-43
2017-06-12 13:16:52,331 INFO o.a.j.t.JMeterThread: Thread started: setUp Thread Group 1-44
2017-06-12 13:16:52,431 INFO o.a.j.t.JMeterThread: Thread started: setUp Thread Group 1-45
2017-06-12 13:16:52,530 INFO o.a.j.t.JMeterThread: Thread started: setUp Thread Group 1-46
2017-06-12 13:16:52,633 INFO o.a.j.t.JMeterThread: Thread started: setUp Thread Group 1-47
2017-06-12 13:16:52,735 INFO o.a.j.t.JMeterThread: Thread started: setUp Thread Group 1-48
2017-06-12 13:16:52,835 INFO o.a.j.t.JMeterThread: Thread started: setUp Thread Group 1-49
2017-06-12 13:16:52,934 INFO o.a.j.t.JMeterThread: Thread started: setUp Thread Group 1-50
2017-06-12 13:16:53,036 INFO o.a.j.t.JMeterThread: Thread started: setUp Thread Group 1-51
2017-06-12 13:16:53,136 INFO o.a.j.t.JMeterThread: Thread started: setUp Thread Group 1-52
2017-06-12 13:16:53,236 INFO o.a.j.t.JMeterThread: Thread started: setUp Thread Group 1-53
2017-06-12 13:16:53,337 INFO o.a.j.t.JMeterThread: Thread started: setUp Thread Group 1-54
2017-06-12 13:16:53,436 INFO o.a.j.t.JMeterThread: Thread started: setUp Thread Group 1-55
2017-06-12 13:16:53,534 INFO o.a.j.t.JMeterThread: Thread started: setUp Thread Group 1-56
2017-06-12 13:16:53,637 INFO o.a.j.t.JMeterThread: Thread started: setUp Thread Group 1-57
2017-06-12 13:16:53,738 INFO o.a.j.t.JMeterThread: Thread started: setUp Thread Group 1-58
2017-06-12 13:16:53,837 INFO o.a.j.t.JMeterThread: Thread started: setUp Thread Group 1-59
2017-06-12 13:16:53,936 INFO o.a.j.t.JMeterThread: Thread started: setUp Thread Group 1-60
2017-06-12 13:16:54,038 INFO o.a.j.t.JMeterThread: Thread started: setUp Thread Group 1-61
2017-06-12 13:16:54,138 INFO o.a.j.t.JMeterThread: Thread started: setUp Thread Group 1-62
2017-06-12 13:16:54,236 INFO o.a.j.t.JMeterThread: Thread started: setUp Thread Group 1-63
2017-06-12 13:16:54,335 INFO o.a.j.t.JMeterThread: Thread started: setUp Thread Group 1-64
2017-06-12 13:16:54,437 INFO o.a.j.t.JMeterThread: Thread started: setUp Thread Group 1-65
2017-06-12 13:16:54,538 INFO o.a.j.t.JMeterThread: Thread started: setUp Thread Group 1-66
2017-06-12 13:16:54,637 INFO o.a.j.t.JMeterThread: Thread started: setUp Thread Group 1-67
2017-06-12 13:16:54,740 INFO o.a.j.t.JMeterThread: Thread started: setUp Thread Group 1-68
2017-06-12 13:16:54,838 INFO o.a.j.t.JMeterThread: Thread started: setUp Thread Group 1-69
2017-06-12 13:16:54,939 INFO o.a.j.t.JMeterThread: Thread started: setUp Thread Group 1-70
2017-06-12 13:16:55,035 INFO o.a.j.t.JMeterThread: Thread started: setUp Thread Group 1-71
2017-06-12 13:16:55,136 INFO o.a.j.t.JMeterThread: Thread started: setUp Thread Group 1-72
2017-06-12 13:16:55,241 INFO o.a.j.t.JMeterThread: Thread started: setUp Thread Group 1-73
2017-06-12 13:16:55,340 INFO o.a.j.t.JMeterThread: Thread started: setUp Thread Group 1-74
2017-06-12 13:16:55,438 INFO o.a.j.t.JMeterThread: Thread started: setUp Thread Group 1-75
2017-06-12 13:16:55,541 INFO o.a.j.t.JMeterThread: Thread started: setUp Thread Group 1-76
2017-06-12 13:16:55,641 INFO o.a.j.t.JMeterThread: Thread started: setUp Thread Group 1-77
2017-06-12 13:16:55,741 INFO o.a.j.t.JMeterThread: Thread started: setUp Thread Group 1-78
2017-06-12 13:16:55,843 INFO o.a.j.t.JMeterThread: Thread started: setUp Thread Group 1-79
2017-06-12 13:16:55,938 INFO o.a.j.t.JMeterThread: Thread started: setUp Thread Group 1-80
2017-06-12 13:16:56,041 INFO o.a.j.t.JMeterThread: Thread started: setUp Thread Group 1-81
2017-06-12 13:16:56,140 INFO o.a.j.t.JMeterThread: Thread started: setUp Thread Group 1-82
2017-06-12 13:16:56,241 INFO o.a.j.t.JMeterThread: Thread started: setUp Thread Group 1-83
2017-06-12 13:16:56,342 INFO o.a.j.t.JMeterThread: Thread started: setUp Thread Group 1-84
2017-06-12 13:16:56,443 INFO o.a.j.t.JMeterThread: Thread started: setUp Thread Group 1-85
2017-06-12 13:16:56,539 INFO o.a.j.t.JMeterThread: Thread started: setUp Thread Group 1-86
2017-06-12 13:16:56,642 INFO o.a.j.t.JMeterThread: Thread started: setUp Thread Group 1-87
2017-06-12 13:16:56,742 INFO o.a.j.t.JMeterThread: Thread started: setUp Thread Group 1-88
2017-06-12 13:16:56,841 INFO o.a.j.t.JMeterThread: Thread started: setUp Thread Group 1-89
2017-06-12 13:16:56,943 INFO o.a.j.t.JMeterThread: Thread started: setUp Thread Group 1-90
2017-06-12 13:16:57,043 INFO o.a.j.t.JMeterThread: Thread started: setUp Thread Group 1-91
2017-06-12 13:16:57,143 INFO o.a.j.t.JMeterThread: Thread started: setUp Thread Group 1-92
2017-06-12 13:16:57,244 INFO o.a.j.t.JMeterThread: Thread started: setUp Thread Group 1-93
2017-06-12 13:16:57,343 INFO o.a.j.t.JMeterThread: Thread started: setUp Thread Group 1-94
2017-06-12 13:16:57,445 INFO o.a.j.t.JMeterThread: Thread started: setUp Thread Group 1-95
2017-06-12 13:16:57,545 INFO o.a.j.t.JMeterThread: Thread started: setUp Thread Group 1-96
2017-06-12 13:16:57,645 INFO o.a.j.t.JMeterThread: Thread started: setUp Thread Group 1-97
2017-06-12 13:16:57,742 INFO o.a.j.t.JMeterThread: Thread started: setUp Thread Group 1-98
2017-06-12 13:16:57,843 INFO o.a.j.t.JMeterThread: Thread started: setUp Thread Group 1-99
2017-06-12 13:16:57,943 INFO o.a.j.t.JMeterThread: Thread started: setUp Thread Group 1-100
2017-06-12 13:17:18,163 INFO o.a.j.t.JMeterThread: Thread is done: setUp Thread Group 1-3
2017-06-12 13:17:18,163 INFO o.a.j.t.JMeterThread: Thread finished: setUp Thread Group 1-3
2017-06-12 13:17:19,204 INFO o.a.j.t.JMeterThread: Thread is done: setUp Thread Group 1-4
2017-06-12 13:17:19,204 INFO o.a.j.t.JMeterThread: Thread finished: setUp Thread Group 1-4
2017-06-12 13:17:19,209 INFO o.a.j.t.JMeterThread: Thread is done: setUp Thread Group 1-5
2017-06-12 13:17:19,209 INFO o.a.j.t.JMeterThread: Thread finished: setUp Thread Group 1-5
2017-06-12 13:17:19,272 INFO o.a.j.t.JMeterThread: Thread is done: setUp Thread Group 1-6
2017-06-12 13:17:19,272 INFO o.a.j.t.JMeterThread: Thread finished: setUp Thread Group 1-6
2017-06-12 13:17:19,420 INFO o.a.j.t.JMeterThread: Thread is done: setUp Thread Group 1-10
2017-06-12 13:17:19,421 INFO o.a.j.t.JMeterThread: Thread finished: setUp Thread Group 1-10
2017-06-12 13:17:19,424 INFO o.a.j.t.JMeterThread: Thread is done: setUp Thread Group 1-9
2017-06-12 13:17:19,424 INFO o.a.j.t.JMeterThread: Thread finished: setUp Thread Group 1-9
2017-06-12 13:17:19,471 INFO o.a.j.t.JMeterThread: Thread is done: setUp Thread Group 1-8
2017-06-12 13:17:19,471 INFO o.a.j.t.JMeterThread: Thread finished: setUp Thread Group 1-8
2017-06-12 13:17:19,517 INFO o.a.j.t.JMeterThread: Thread is done: setUp Thread Group 1-7
2017-06-12 13:17:19,517 INFO o.a.j.t.JMeterThread: Thread finished: setUp Thread Group 1-7
2017-06-12 13:17:19,558 INFO o.a.j.t.JMeterThread: Thread is done: setUp Thread Group 1-12
2017-06-12 13:17:19,558 INFO o.a.j.t.JMeterThread: Thread finished: setUp Thread Group 1-12
2017-06-12 13:17:20,261 INFO o.a.j.t.JMeterThread: Thread is done: setUp Thread Group 1-11
2017-06-12 13:17:20,262 INFO o.a.j.t.JMeterThread: Thread finished: setUp Thread Group 1-11
2017-06-12 13:17:20,273 INFO o.a.j.t.JMeterThread: Thread is done: setUp Thread Group 1-19
2017-06-12 13:17:20,273 INFO o.a.j.t.JMeterThread: Thread finished: setUp Thread Group 1-19
2017-06-12 13:17:20,280 INFO o.a.j.t.JMeterThread: Thread is done: setUp Thread Group 1-18
2017-06-12 13:17:20,280 INFO o.a.j.t.JMeterThread: Thread finished: setUp Thread Group 1-18
2017-06-12 13:17:20,318 INFO o.a.j.t.JMeterThread: Thread is done: setUp Thread Group 1-14
2017-06-12 13:17:20,318 INFO o.a.j.t.JMeterThread: Thread finished: setUp Thread Group 1-14
2017-06-12 13:17:20,563 INFO o.a.j.t.JMeterThread: Thread is done: setUp Thread Group 1-13
2017-06-12 13:17:20,563 INFO o.a.j.t.JMeterThread: Thread finished: setUp Thread Group 1-13
2017-06-12 13:17:20,566 INFO o.a.j.t.JMeterThread: Thread is done: setUp Thread Group 1-17
2017-06-12 13:17:20,566 INFO o.a.j.t.JMeterThread: Thread finished: setUp Thread Group 1-17
2017-06-12 13:17:20,567 INFO o.a.j.t.JMeterThread: Thread is done: setUp Thread Group 1-20
2017-06-12 13:17:20,567 INFO o.a.j.t.JMeterThread: Thread finished: setUp Thread Group 1-20
2017-06-12 13:17:20,578 INFO o.a.j.t.JMeterThread: Thread is done: setUp Thread Group 1-15
2017-06-12 13:17:20,578 INFO o.a.j.t.JMeterThread: Thread finished: setUp Thread Group 1-15
2017-06-12 13:17:20,580 INFO o.a.j.t.JMeterThread: Thread is done: setUp Thread Group 1-24
2017-06-12 13:17:20,580 INFO o.a.j.t.JMeterThread: Thread finished: setUp Thread Group 1-24
2017-06-12 13:17:20,591 INFO o.a.j.t.JMeterThread: Thread is done: setUp Thread Group 1-16
2017-06-12 13:17:20,592 INFO o.a.j.t.JMeterThread: Thread finished: setUp Thread Group 1-16
2017-06-12 13:17:20,593 INFO o.a.j.t.JMeterThread: Thread is done: setUp Thread Group 1-25
2017-06-12 13:17:20,593 INFO o.a.j.t.JMeterThread: Thread finished: setUp Thread Group 1-25
2017-06-12 13:17:21,028 INFO o.a.j.t.JMeterThread: Thread is done: setUp Thread Group 1-30
2017-06-12 13:17:21,029 INFO o.a.j.t.JMeterThread: Thread finished: setUp Thread Group 1-30
2017-06-12 13:17:21,078 INFO o.a.j.t.JMeterThread: Thread is done: setUp Thread Group 1-22
2017-06-12 13:17:21,078 INFO o.a.j.t.JMeterThread: Thread finished: setUp Thread Group 1-22
2017-06-12 13:17:21,174 INFO o.a.j.t.JMeterThread: Thread is done: setUp Thread Group 1-27
2017-06-12 13:17:21,174 INFO o.a.j.t.JMeterThread: Thread finished: setUp Thread Group 1-27
2017-06-12 13:17:21,180 INFO o.a.j.t.JMeterThread: Thread is done: setUp Thread Group 1-29
2017-06-12 13:17:21,180 INFO o.a.j.t.JMeterThread: Thread finished: setUp Thread Group 1-29
2017-06-12 13:17:21,180 INFO o.a.j.t.JMeterThread: Thread is done: setUp Thread Group 1-28
2017-06-12 13:17:21,180 INFO o.a.j.t.JMeterThread: Thread finished: setUp Thread Group 1-28
2017-06-12 13:17:21,375 INFO o.a.j.t.JMeterThread: Thread is done: setUp Thread Group 1-26
2017-06-12 13:17:21,375 INFO o.a.j.t.JMeterThread: Thread finished: setUp Thread Group 1-26
2017-06-12 13:17:21,376 INFO o.a.j.t.JMeterThread: Thread is done: setUp Thread Group 1-21
2017-06-12 13:17:21,376 INFO o.a.j.t.JMeterThread: Thread finished: setUp Thread Group 1-21
2017-06-12 13:17:21,485 INFO o.a.j.t.JMeterThread: Thread is done: setUp Thread Group 1-23
2017-06-12 13:17:21,485 INFO o.a.j.t.JMeterThread: Thread finished: setUp Thread Group 1-23
2017-06-12 13:17:21,511 INFO o.a.j.t.JMeterThread: Thread is done: setUp Thread Group 1-32
2017-06-12 13:17:21,511 INFO o.a.j.t.JMeterThread: Thread finished: setUp Thread Group 1-32
2017-06-12 13:17:21,560 INFO o.a.j.t.JMeterThread: Thread is done: setUp Thread Group 1-35
2017-06-12 13:17:21,560 INFO o.a.j.t.JMeterThread: Thread finished: setUp Thread Group 1-35
2017-06-12 13:17:21,833 INFO o.a.j.t.JMeterThread: Thread is done: setUp Thread Group 1-39
2017-06-12 13:17:21,834 INFO o.a.j.t.JMeterThread: Thread finished: setUp Thread Group 1-39
2017-06-12 13:17:21,835 INFO o.a.j.t.JMeterThread: Thread is done: setUp Thread Group 1-31
2017-06-12 13:17:21,835 INFO o.a.j.t.JMeterThread: Thread finished: setUp Thread Group 1-31
2017-06-12 13:17:21,837 INFO o.a.j.t.JMeterThread: Thread is done: setUp Thread Group 1-37
2017-06-12 13:17:21,837 INFO o.a.j.t.JMeterThread: Thread finished: setUp Thread Group 1-37
2017-06-12 13:17:21,848 INFO o.a.j.t.JMeterThread: Thread is done: setUp Thread Group 1-34
2017-06-12 13:17:21,848 INFO o.a.j.t.JMeterThread: Thread finished: setUp Thread Group 1-34
2017-06-12 13:17:21,860 INFO o.a.j.t.JMeterThread: Thread is done: setUp Thread Group 1-33
2017-06-12 13:17:21,860 INFO o.a.j.t.JMeterThread: Thread finished: setUp Thread Group 1-33
2017-06-12 13:17:21,862 INFO o.a.j.t.JMeterThread: Thread is done: setUp Thread Group 1-36
2017-06-12 13:17:21,862 INFO o.a.j.t.JMeterThread: Thread finished: setUp Thread Group 1-36
2017-06-12 13:17:21,863 INFO o.a.j.t.JMeterThread: Thread is done: setUp Thread Group 1-38
2017-06-12 13:17:21,863 INFO o.a.j.t.JMeterThread: Thread finished: setUp Thread Group 1-38
2017-06-12 13:17:22,185 INFO o.a.j.t.JMeterThread: Thread is done: setUp Thread Group 1-40
2017-06-12 13:17:22,185 INFO o.a.j.t.JMeterThread: Thread finished: setUp Thread Group 1-40
2017-06-12 13:17:22,200 INFO o.a.j.t.JMeterThread: Thread is done: setUp Thread Group 1-45
2017-06-12 13:17:22,200 INFO o.a.j.t.JMeterThread: Thread finished: setUp Thread Group 1-45
2017-06-12 13:17:22,201 INFO o.a.j.t.JMeterThread: Thread is done: setUp Thread Group 1-47
2017-06-12 13:17:22,201 INFO o.a.j.t.JMeterThread: Thread finished: setUp Thread Group 1-47
2017-06-12 13:17:22,221 INFO o.a.j.t.JMeterThread: Thread is done: setUp Thread Group 1-44
2017-06-12 13:17:22,221 INFO o.a.j.t.JMeterThread: Thread finished: setUp Thread Group 1-44
2017-06-12 13:17:22,464 INFO o.a.j.t.JMeterThread: Thread is done: setUp Thread Group 1-46
2017-06-12 13:17:22,464 INFO o.a.j.t.JMeterThread: Thread finished: setUp Thread Group 1-46
2017-06-12 13:17:22,548 INFO o.a.j.t.JMeterThread: Thread is done: setUp Thread Group 1-43
2017-06-12 13:17:22,548 INFO o.a.j.t.JMeterThread: Thread finished: setUp Thread Group 1-43
2017-06-12 13:17:22,956 INFO o.a.j.t.JMeterThread: Thread is done: setUp Thread Group 1-49
2017-06-12 13:17:22,956 INFO o.a.j.t.JMeterThread: Thread finished: setUp Thread Group 1-49
2017-06-12 13:17:22,957 INFO o.a.j.t.JMeterThread: Thread is done: setUp Thread Group 1-52
2017-06-12 13:17:22,957 INFO o.a.j.t.JMeterThread: Thread finished: setUp Thread Group 1-52
2017-06-12 13:17:22,961 INFO o.a.j.t.JMeterThread: Thread is done: setUp Thread Group 1-41
2017-06-12 13:17:22,961 INFO o.a.j.t.JMeterThread: Thread finished: setUp Thread Group 1-41
2017-06-12 13:17:22,964 INFO o.a.j.t.JMeterThread: Thread is done: setUp Thread Group 1-51
2017-06-12 13:17:22,964 INFO o.a.j.t.JMeterThread: Thread finished: setUp Thread Group 1-51
2017-06-12 13:17:22,964 INFO o.a.j.t.JMeterThread: Thread is done: setUp Thread Group 1-48
2017-06-12 13:17:22,964 INFO o.a.j.t.JMeterThread: Thread finished: setUp Thread Group 1-48
2017-06-12 13:17:22,968 INFO o.a.j.t.JMeterThread: Thread is done: setUp Thread Group 1-42
2017-06-12 13:17:22,968 INFO o.a.j.t.JMeterThread: Thread finished: setUp Thread Group 1-42
2017-06-12 13:17:22,969 INFO o.a.j.t.JMeterThread: Thread is done: setUp Thread Group 1-53
2017-06-12 13:17:22,969 INFO o.a.j.t.JMeterThread: Thread finished: setUp Thread Group 1-53
2017-06-12 13:17:22,976 INFO o.a.j.t.JMeterThread: Thread is done: setUp Thread Group 1-50
2017-06-12 13:17:22,976 INFO o.a.j.t.JMeterThread: Thread finished: setUp Thread Group 1-50
2017-06-12 13:17:23,141 INFO o.a.j.t.JMeterThread: Thread is done: setUp Thread Group 1-54
2017-06-12 13:17:23,141 INFO o.a.j.t.JMeterThread: Thread finished: setUp Thread Group 1-54
2017-06-12 13:17:23,617 INFO o.a.j.t.JMeterThread: Thread is done: setUp Thread Group 1-57
2017-06-12 13:17:23,617 INFO o.a.j.t.JMeterThread: Thread finished: setUp Thread Group 1-57
2017-06-12 13:17:23,872 INFO o.a.j.t.JMeterThread: Thread is done: setUp Thread Group 1-58
2017-06-12 13:17:23,872 INFO o.a.j.t.JMeterThread: Thread finished: setUp Thread Group 1-58
2017-06-12 13:17:23,873 INFO o.a.j.t.JMeterThread: Thread is done: setUp Thread Group 1-60
2017-06-12 13:17:23,873 INFO o.a.j.t.JMeterThread: Thread finished: setUp Thread Group 1-60
2017-06-12 13:17:23,875 INFO o.a.j.t.JMeterThread: Thread is done: setUp Thread Group 1-56
2017-06-12 13:17:23,875 INFO o.a.j.t.JMeterThread: Thread finished: setUp Thread Group 1-56
2017-06-12 13:17:23,877 INFO o.a.j.t.JMeterThread: Thread is done: setUp Thread Group 1-61
2017-06-12 13:17:23,877 INFO o.a.j.t.JMeterThread: Thread finished: setUp Thread Group 1-61
2017-06-12 13:17:23,879 INFO o.a.j.t.JMeterThread: Thread is done: setUp Thread Group 1-59
2017-06-12 13:17:23,879 INFO o.a.j.t.JMeterThread: Thread finished: setUp Thread Group 1-59
2017-06-12 13:17:23,932 INFO o.a.j.t.JMeterThread: Thread is done: setUp Thread Group 1-64
2017-06-12 13:17:23,932 INFO o.a.j.t.JMeterThread: Thread finished: setUp Thread Group 1-64
2017-06-12 13:17:24,144 INFO o.a.j.t.JMeterThread: Thread is done: setUp Thread Group 1-55
2017-06-12 13:17:24,145 INFO o.a.j.t.JMeterThread: Thread finished: setUp Thread Group 1-55
2017-06-12 13:17:24,146 INFO o.a.j.t.JMeterThread: Thread is done: setUp Thread Group 1-68
2017-06-12 13:17:24,146 INFO o.a.j.t.JMeterThread: Thread finished: setUp Thread Group 1-68
2017-06-12 13:17:24,175 INFO o.a.j.t.JMeterThread: Thread is done: setUp Thread Group 1-66
2017-06-12 13:17:24,175 INFO o.a.j.t.JMeterThread: Thread finished: setUp Thread Group 1-66
2017-06-12 13:17:24,179 INFO o.a.j.t.JMeterThread: Thread is done: setUp Thread Group 1-65
2017-06-12 13:17:24,179 INFO o.a.j.t.JMeterThread: Thread finished: setUp Thread Group 1-65
2017-06-12 13:17:24,183 INFO o.a.j.t.JMeterThread: Thread is done: setUp Thread Group 1-67
2017-06-12 13:17:24,183 INFO o.a.j.t.JMeterThread: Thread finished: setUp Thread Group 1-67
2017-06-12 13:17:24,185 INFO o.a.j.t.JMeterThread: Thread is done: setUp Thread Group 1-62
2017-06-12 13:17:24,185 INFO o.a.j.t.JMeterThread: Thread finished: setUp Thread Group 1-62
2017-06-12 13:17:24,186 INFO o.a.j.t.JMeterThread: Thread is done: setUp Thread Group 1-63
2017-06-12 13:17:24,186 INFO o.a.j.t.JMeterThread: Thread finished: setUp Thread Group 1-63
2017-06-12 13:17:24,276 INFO o.a.j.t.JMeterThread: Thread is done: setUp Thread Group 1-69
2017-06-12 13:17:24,276 INFO o.a.j.t.JMeterThread: Thread finished: setUp Thread Group 1-69
2017-06-12 13:17:24,455 INFO o.a.j.t.JMeterThread: Thread is done: setUp Thread Group 1-71
2017-06-12 13:17:24,455 INFO o.a.j.t.JMeterThread: Thread finished: setUp Thread Group 1-71
2017-06-12 13:17:24,456 INFO o.a.j.t.JMeterThread: Thread is done: setUp Thread Group 1-70
2017-06-12 13:17:24,456 INFO o.a.j.t.JMeterThread: Thread finished: setUp Thread Group 1-70
2017-06-12 13:17:24,460 INFO o.a.j.t.JMeterThread: Thread is done: setUp Thread Group 1-72
2017-06-12 13:17:24,460 INFO o.a.j.t.JMeterThread: Thread finished: setUp Thread Group 1-72
2017-06-12 13:17:24,500 INFO o.a.j.t.JMeterThread: Thread is done: setUp Thread Group 1-73
2017-06-12 13:17:24,501 INFO o.a.j.t.JMeterThread: Thread finished: setUp Thread Group 1-73
2017-06-12 13:17:24,574 INFO o.a.j.t.JMeterThread: Thread is done: setUp Thread Group 1-74
2017-06-12 13:17:24,574 INFO o.a.j.t.JMeterThread: Thread finished: setUp Thread Group 1-74
2017-06-12 13:17:24,676 INFO o.a.j.t.JMeterThread: Thread is done: setUp Thread Group 1-75
2017-06-12 13:17:24,676 INFO o.a.j.t.JMeterThread: Thread finished: setUp Thread Group 1-75
2017-06-12 13:17:24,856 INFO o.a.j.t.JMeterThread: Thread is done: setUp Thread Group 1-76
2017-06-12 13:17:24,857 INFO o.a.j.t.JMeterThread: Thread finished: setUp Thread Group 1-76
2017-06-12 13:17:24,935 INFO o.a.j.t.JMeterThread: Thread is done: setUp Thread Group 1-77
2017-06-12 13:17:24,935 INFO o.a.j.t.JMeterThread: Thread finished: setUp Thread Group 1-77
2017-06-12 13:17:24,965 INFO o.a.j.t.JMeterThread: Thread is done: setUp Thread Group 1-78
2017-06-12 13:17:24,965 INFO o.a.j.t.JMeterThread: Thread finished: setUp Thread Group 1-78
2017-06-12 13:17:25,167 INFO o.a.j.t.JMeterThread: Thread is done: setUp Thread Group 1-79
2017-06-12 13:17:25,167 INFO o.a.j.t.JMeterThread: Thread finished: setUp Thread Group 1-79
2017-06-12 13:17:25,277 INFO o.a.j.t.JMeterThread: Thread is done: setUp Thread Group 1-80
2017-06-12 13:17:25,277 INFO o.a.j.t.JMeterThread: Thread finished: setUp Thread Group 1-80
2017-06-12 13:17:25,289 INFO o.a.j.t.JMeterThread: Thread is done: setUp Thread Group 1-81
2017-06-12 13:17:25,289 INFO o.a.j.t.JMeterThread: Thread finished: setUp Thread Group 1-81
2017-06-12 13:17:25,471 INFO o.a.j.t.JMeterThread: Thread is done: setUp Thread Group 1-82
2017-06-12 13:17:25,472 INFO o.a.j.t.JMeterThread: Thread finished: setUp Thread Group 1-82
2017-06-12 13:17:25,505 INFO o.a.j.t.JMeterThread: Thread is done: setUp Thread Group 1-83
2017-06-12 13:17:25,505 INFO o.a.j.t.JMeterThread: Thread finished: setUp Thread Group 1-83
2017-06-12 13:17:25,571 INFO o.a.j.t.JMeterThread: Thread is done: setUp Thread Group 1-84
2017-06-12 13:17:25,571 INFO o.a.j.t.JMeterThread: Thread finished: setUp Thread Group 1-84
2017-06-12 13:17:25,715 INFO o.a.j.t.JMeterThread: Thread is done: setUp Thread Group 1-85
2017-06-12 13:17:25,715 INFO o.a.j.t.JMeterThread: Thread finished: setUp Thread Group 1-85
2017-06-12 13:17:25,933 INFO o.a.j.t.JMeterThread: Thread is done: setUp Thread Group 1-86
2017-06-12 13:17:25,933 INFO o.a.j.t.JMeterThread: Thread finished: setUp Thread Group 1-86
2017-06-12 13:17:25,956 INFO o.a.j.t.JMeterThread: Thread is done: setUp Thread Group 1-87
2017-06-12 13:17:25,956 INFO o.a.j.t.JMeterThread: Thread finished: setUp Thread Group 1-87
2017-06-12 13:17:25,988 INFO o.a.j.t.JMeterThread: Thread is done: setUp Thread Group 1-88
2017-06-12 13:17:25,988 INFO o.a.j.t.JMeterThread: Thread finished: setUp Thread Group 1-88
2017-06-12 13:17:26,234 INFO o.a.j.t.JMeterThread: Thread is done: setUp Thread Group 1-89
2017-06-12 13:17:26,234 INFO o.a.j.t.JMeterThread: Thread finished: setUp Thread Group 1-89
2017-06-12 13:17:26,270 INFO o.a.j.t.JMeterThread: Thread is done: setUp Thread Group 1-90
2017-06-12 13:17:26,270 INFO o.a.j.t.JMeterThread: Thread finished: setUp Thread Group 1-90
2017-06-12 13:17:26,365 INFO o.a.j.t.JMeterThread: Thread is done: setUp Thread Group 1-91
2017-06-12 13:17:26,365 INFO o.a.j.t.JMeterThread: Thread finished: setUp Thread Group 1-91
2017-06-12 13:17:26,532 INFO o.a.j.t.JMeterThread: Thread is done: setUp Thread Group 1-94
2017-06-12 13:17:26,532 INFO o.a.j.t.JMeterThread: Thread is done: setUp Thread Group 1-93
2017-06-12 13:17:26,532 INFO o.a.j.t.JMeterThread: Thread is done: setUp Thread Group 1-98
2017-06-12 13:17:26,532 INFO o.a.j.t.JMeterThread: Thread finished: setUp Thread Group 1-94
2017-06-12 13:17:26,532 INFO o.a.j.t.JMeterThread: Thread finished: setUp Thread Group 1-98
2017-06-12 13:17:26,532 INFO o.a.j.t.JMeterThread: Thread is done: setUp Thread Group 1-92
2017-06-12 13:17:26,532 INFO o.a.j.t.JMeterThread: Thread is done: setUp Thread Group 1-99
2017-06-12 13:17:26,532 INFO o.a.j.t.JMeterThread: Thread finished: setUp Thread Group 1-92
2017-06-12 13:17:26,532 INFO o.a.j.t.JMeterThread: Thread is done: setUp Thread Group 1-96
2017-06-12 13:17:26,532 INFO o.a.j.t.JMeterThread: Thread finished: setUp Thread Group 1-99
2017-06-12 13:17:26,532 INFO o.a.j.t.JMeterThread: Thread is done: setUp Thread Group 1-100
2017-06-12 13:17:26,532 INFO o.a.j.t.JMeterThread: Thread is done: setUp Thread Group 1-97
2017-06-12 13:17:26,532 INFO o.a.j.t.JMeterThread: Thread finished: setUp Thread Group 1-93
2017-06-12 13:17:26,532 INFO o.a.j.t.JMeterThread: Thread is done: setUp Thread Group 1-95
2017-06-12 13:17:26,532 INFO o.a.j.t.JMeterThread: Thread finished: setUp Thread Group 1-97
2017-06-12 13:17:26,532 INFO o.a.j.t.JMeterThread: Thread finished: setUp Thread Group 1-95
2017-06-12 13:17:26,533 INFO o.a.j.t.JMeterThread: Thread finished: setUp Thread Group 1-96
2017-06-12 13:17:26,532 INFO o.a.j.t.JMeterThread: Thread finished: setUp Thread Group 1-100
2017-06-12 13:17:26,533 INFO o.a.j.e.StandardJMeterEngine: All Setup Threads have ended
2017-06-12 13:17:26,675 INFO o.a.j.e.StandardJMeterEngine: No enabled thread groups found
2017-06-12 13:17:26,675 INFO o.a.j.e.StandardJMeterEngine: Notifying test listeners of end of test
2017-06-12 13:17:26,675 INFO o.a.j.g.u.JMeterMenuBar: setRunning(false, *local*)
2017-06-12 13:22:44,853 INFO o.a.j.e.StandardJMeterEngine: Running the test!
2017-06-12 13:22:44,854 INFO o.a.j.s.SampleEvent: List of sample_variables: []
2017-06-12 13:22:44,854 INFO o.a.j.g.u.JMeterMenuBar: setRunning(true, *local*)
2017-06-12 13:22:44,872 INFO o.a.j.e.StandardJMeterEngine: Starting setUp thread groups
2017-06-12 13:22:44,872 INFO o.a.j.e.StandardJMeterEngine: Starting setUp ThreadGroup: 1 : setUp Thread Group
2017-06-12 13:22:44,872 INFO o.a.j.e.StandardJMeterEngine: Starting 100 threads for group setUp Thread Group.
2017-06-12 13:22:44,872 INFO o.a.j.e.StandardJMeterEngine: Thread will continue on error
2017-06-12 13:22:44,873 INFO o.a.j.t.ThreadGroup: Starting thread group... number=1 threads=100 ramp-up=10 perThread=100.0 delayedStart=false
2017-06-12 13:22:44,873 INFO o.a.j.t.JMeterThread: Thread started: setUp Thread Group 1-1
2017-06-12 13:22:44,889 INFO o.a.j.t.ThreadGroup: Started thread group number 1
2017-06-12 13:22:44,889 INFO o.a.j.e.StandardJMeterEngine: Waiting for all setup thread groups to exit
2017-06-12 13:22:44,977 INFO o.a.j.t.JMeterThread: Thread started: setUp Thread Group 1-2
2017-06-12 13:22:45,075 INFO o.a.j.t.JMeterThread: Thread started: setUp Thread Group 1-3
2017-06-12 13:22:45,174 INFO o.a.j.t.JMeterThread: Thread started: setUp Thread Group 1-4
2017-06-12 13:22:45,277 INFO o.a.j.t.JMeterThread: Thread started: setUp Thread Group 1-5
2017-06-12 13:22:45,379 INFO o.a.j.t.JMeterThread: Thread started: setUp Thread Group 1-6
2017-06-12 13:22:45,475 INFO o.a.j.t.JMeterThread: Thread started: setUp Thread Group 1-7
2017-06-12 13:22:45,578 INFO o.a.j.t.JMeterThread: Thread started: setUp Thread Group 1-8
2017-06-12 13:22:45,679 INFO o.a.j.t.JMeterThread: Thread started: setUp Thread Group 1-9
2017-06-12 13:22:45,778 INFO o.a.j.t.JMeterThread: Thread started: setUp Thread Group 1-10
2017-06-12 13:22:45,879 INFO o.a.j.t.JMeterThread: Thread started: setUp Thread Group 1-11
2017-06-12 13:22:45,979 INFO o.a.j.t.JMeterThread: Thread started: setUp Thread Group 1-12
2017-06-12 13:22:46,079 INFO o.a.j.t.JMeterThread: Thread started: setUp Thread Group 1-13
2017-06-12 13:22:46,179 INFO o.a.j.t.JMeterThread: Thread started: setUp Thread Group 1-14
2017-06-12 13:22:46,279 INFO o.a.j.t.JMeterThread: Thread started: setUp Thread Group 1-15
2017-06-12 13:22:46,378 INFO o.a.j.t.JMeterThread: Thread started: setUp Thread Group 1-16
2017-06-12 13:22:46,479 INFO o.a.j.t.JMeterThread: Thread started: setUp Thread Group 1-17
2017-06-12 13:22:46,579 INFO o.a.j.t.JMeterThread: Thread started: setUp Thread Group 1-18
2017-06-12 13:22:46,679 INFO o.a.j.t.JMeterThread: Thread started: setUp Thread Group 1-19
2017-06-12 13:22:46,780 INFO o.a.j.t.JMeterThread: Thread started: setUp Thread Group 1-20
2017-06-12 13:22:46,880 INFO o.a.j.t.JMeterThread: Thread started: setUp Thread Group 1-21
2017-06-12 13:22:46,980 INFO o.a.j.t.JMeterThread: Thread started: setUp Thread Group 1-22
2017-06-12 13:22:47,081 INFO o.a.j.t.JMeterThread: Thread started: setUp Thread Group 1-23
2017-06-12 13:22:47,182 INFO o.a.j.t.JMeterThread: Thread started: setUp Thread Group 1-24
2017-06-12 13:22:47,282 INFO o.a.j.t.JMeterThread: Thread started: setUp Thread Group 1-25
2017-06-12 13:22:47,381 INFO o.a.j.t.JMeterThread: Thread started: setUp Thread Group 1-26
2017-06-12 13:22:47,480 INFO o.a.j.t.JMeterThread: Thread started: setUp Thread Group 1-27
2017-06-12 13:22:47,578 INFO o.a.j.t.JMeterThread: Thread started: setUp Thread Group 1-28
2017-06-12 13:22:47,682 INFO o.a.j.t.JMeterThread: Thread started: setUp Thread Group 1-29
2017-06-12 13:22:47,779 INFO o.a.j.t.JMeterThread: Thread started: setUp Thread Group 1-30
2017-06-12 13:22:47,882 INFO o.a.j.t.JMeterThread: Thread started: setUp Thread Group 1-31
2017-06-12 13:22:47,979 INFO o.a.j.t.JMeterThread: Thread started: setUp Thread Group 1-32
2017-06-12 13:22:48,079 INFO o.a.j.t.JMeterThread: Thread started: setUp Thread Group 1-33
2017-06-12 13:22:48,179 INFO o.a.j.t.JMeterThread: Thread started: setUp Thread Group 1-34
2017-06-12 13:22:48,280 INFO o.a.j.t.JMeterThread: Thread started: setUp Thread Group 1-35
2017-06-12 13:22:48,382 INFO o.a.j.t.JMeterThread: Thread started: setUp Thread Group 1-36
2017-06-12 13:22:48,480 INFO o.a.j.t.JMeterThread: Thread started: setUp Thread Group 1-37
2017-06-12 13:22:48,583 INFO o.a.j.t.JMeterThread: Thread started: setUp Thread Group 1-38
2017-06-12 13:22:48,682 INFO o.a.j.t.JMeterThread: Thread started: setUp Thread Group 1-39
2017-06-12 13:22:48,783 INFO o.a.j.t.JMeterThread: Thread started: setUp Thread Group 1-40
2017-06-12 13:22:48,883 INFO o.a.j.t.JMeterThread: Thread started: setUp Thread Group 1-41
2017-06-12 13:22:48,984 INFO o.a.j.t.JMeterThread: Thread started: setUp Thread Group 1-42
2017-06-12 13:22:49,085 INFO o.a.j.t.JMeterThread: Thread started: setUp Thread Group 1-43
2017-06-12 13:22:49,185 INFO o.a.j.t.JMeterThread: Thread started: setUp Thread Group 1-44
2017-06-12 13:22:49,282 INFO o.a.j.t.JMeterThread: Thread started: setUp Thread Group 1-45
2017-06-12 13:22:49,384 INFO o.a.j.t.JMeterThread: Thread started: setUp Thread Group 1-46
2017-06-12 13:22:49,485 INFO o.a.j.t.JMeterThread: Thread started: setUp Thread Group 1-47
2017-06-12 13:22:49,582 INFO o.a.j.t.JMeterThread: Thread started: setUp Thread Group 1-48
2017-06-12 13:22:49,632 INFO o.a.j.t.JMeterThread: Thread is done: setUp Thread Group 1-4
2017-06-12 13:22:49,632 INFO o.a.j.t.JMeterThread: Thread finished: setUp Thread Group 1-4
2017-06-12 13:22:49,684 INFO o.a.j.t.JMeterThread: Thread started: setUp Thread Group 1-49
2017-06-12 13:22:49,784 INFO o.a.j.t.JMeterThread: Thread started: setUp Thread Group 1-50
2017-06-12 13:22:49,884 INFO o.a.j.t.JMeterThread: Thread started: setUp Thread Group 1-51
2017-06-12 13:22:49,903 INFO o.a.j.t.JMeterThread: Thread is done: setUp Thread Group 1-2
2017-06-12 13:22:49,903 INFO o.a.j.t.JMeterThread: Thread finished: setUp Thread Group 1-2
2017-06-12 13:22:49,904 INFO o.a.j.t.JMeterThread: Thread is done: setUp Thread Group 1-1
2017-06-12 13:22:49,904 INFO o.a.j.t.JMeterThread: Thread finished: setUp Thread Group 1-1
2017-06-12 13:22:49,905 INFO o.a.j.t.JMeterThread: Thread is done: setUp Thread Group 1-7
2017-06-12 13:22:49,905 INFO o.a.j.t.JMeterThread: Thread finished: setUp Thread Group 1-7
2017-06-12 13:22:49,906 INFO o.a.j.t.JMeterThread: Thread is done: setUp Thread Group 1-6
2017-06-12 13:22:49,906 INFO o.a.j.t.JMeterThread: Thread finished: setUp Thread Group 1-6
2017-06-12 13:22:49,907 INFO o.a.j.t.JMeterThread: Thread is done: setUp Thread Group 1-9
2017-06-12 13:22:49,907 INFO o.a.j.t.JMeterThread: Thread finished: setUp Thread Group 1-9
2017-06-12 13:22:49,924 INFO o.a.j.t.JMeterThread: Thread is done: setUp Thread Group 1-12
2017-06-12 13:22:49,924 INFO o.a.j.t.JMeterThread: Thread finished: setUp Thread Group 1-12
2017-06-12 13:22:49,984 INFO o.a.j.t.JMeterThread: Thread started: setUp Thread Group 1-52
2017-06-12 13:22:49,988 INFO o.a.j.t.JMeterThread: Thread is done: setUp Thread Group 1-3
2017-06-12 13:22:49,988 INFO o.a.j.t.JMeterThread: Thread finished: setUp Thread Group 1-3
2017-06-12 13:22:49,989 INFO o.a.j.t.JMeterThread: Thread is done: setUp Thread Group 1-5
2017-06-12 13:22:49,989 INFO o.a.j.t.JMeterThread: Thread finished: setUp Thread Group 1-5
2017-06-12 13:22:50,033 INFO o.a.j.t.JMeterThread: Thread is done: setUp Thread Group 1-10
2017-06-12 13:22:50,033 INFO o.a.j.t.JMeterThread: Thread finished: setUp Thread Group 1-10
2017-06-12 13:22:50,086 INFO o.a.j.t.JMeterThread: Thread started: setUp Thread Group 1-53
2017-06-12 13:22:50,186 INFO o.a.j.t.JMeterThread: Thread started: setUp Thread Group 1-54
2017-06-12 13:22:50,286 INFO o.a.j.t.JMeterThread: Thread started: setUp Thread Group 1-55
2017-06-12 13:22:50,384 INFO o.a.j.t.JMeterThread: Thread started: setUp Thread Group 1-56
2017-06-12 13:22:50,465 INFO o.a.j.t.JMeterThread: Thread is done: setUp Thread Group 1-17
2017-06-12 13:22:50,465 INFO o.a.j.t.JMeterThread: Thread finished: setUp Thread Group 1-17
2017-06-12 13:22:50,485 INFO o.a.j.t.JMeterThread: Thread started: setUp Thread Group 1-57
2017-06-12 13:22:50,587 INFO o.a.j.t.JMeterThread: Thread started: setUp Thread Group 1-58
2017-06-12 13:22:50,683 INFO o.a.j.t.JMeterThread: Thread started: setUp Thread Group 1-59
2017-06-12 13:22:50,784 INFO o.a.j.t.JMeterThread: Thread started: setUp Thread Group 1-60
2017-06-12 13:22:50,888 INFO o.a.j.t.JMeterThread: Thread started: setUp Thread Group 1-61
2017-06-12 13:22:50,900 INFO o.a.j.t.JMeterThread: Thread is done: setUp Thread Group 1-14
2017-06-12 13:22:50,900 INFO o.a.j.t.JMeterThread: Thread finished: setUp Thread Group 1-14
2017-06-12 13:22:50,954 INFO o.a.j.t.JMeterThread: Thread is done: setUp Thread Group 1-13
2017-06-12 13:22:50,954 INFO o.a.j.t.JMeterThread: Thread finished: setUp Thread Group 1-13
2017-06-12 13:22:50,985 INFO o.a.j.t.JMeterThread: Thread started: setUp Thread Group 1-62
2017-06-12 13:22:51,087 INFO o.a.j.t.JMeterThread: Thread started: setUp Thread Group 1-63
2017-06-12 13:22:51,187 INFO o.a.j.t.JMeterThread: Thread started: setUp Thread Group 1-64
2017-06-12 13:22:51,232 INFO o.a.j.t.JMeterThread: Thread is done: setUp Thread Group 1-11
2017-06-12 13:22:51,232 INFO o.a.j.t.JMeterThread: Thread finished: setUp Thread Group 1-11
2017-06-12 13:22:51,283 INFO o.a.j.t.JMeterThread: Thread is done: setUp Thread Group 1-8
2017-06-12 13:22:51,284 INFO o.a.j.t.JMeterThread: Thread finished: setUp Thread Group 1-8
2017-06-12 13:22:51,288 INFO o.a.j.t.JMeterThread: Thread started: setUp Thread Group 1-65
2017-06-12 13:22:51,319 INFO o.a.j.t.JMeterThread: Thread is done: setUp Thread Group 1-21
2017-06-12 13:22:51,319 INFO o.a.j.t.JMeterThread: Thread finished: setUp Thread Group 1-21
2017-06-12 13:22:51,388 INFO o.a.j.t.JMeterThread: Thread started: setUp Thread Group 1-66
2017-06-12 13:22:51,488 INFO o.a.j.t.JMeterThread: Thread started: setUp Thread Group 1-67
2017-06-12 13:22:51,588 INFO o.a.j.t.JMeterThread: Thread started: setUp Thread Group 1-68
2017-06-12 13:22:51,688 INFO o.a.j.t.JMeterThread: Thread started: setUp Thread Group 1-69
2017-06-12 13:22:51,788 INFO o.a.j.t.JMeterThread: Thread started: setUp Thread Group 1-70
2017-06-12 13:22:51,888 INFO o.a.j.t.JMeterThread: Thread started: setUp Thread Group 1-71
2017-06-12 13:22:51,987 INFO o.a.j.t.JMeterThread: Thread started: setUp Thread Group 1-72
2017-06-12 13:22:52,090 INFO o.a.j.t.JMeterThread: Thread started: setUp Thread Group 1-73
2017-06-12 13:22:52,126 INFO o.a.j.t.JMeterThread: Thread is done: setUp Thread Group 1-25
2017-06-12 13:22:52,126 INFO o.a.j.t.JMeterThread: Thread finished: setUp Thread Group 1-25
2017-06-12 13:22:52,189 INFO o.a.j.t.JMeterThread: Thread started: setUp Thread Group 1-74
2017-06-12 13:22:52,288 INFO o.a.j.t.JMeterThread: Thread started: setUp Thread Group 1-75
2017-06-12 13:22:52,389 INFO o.a.j.t.JMeterThread: Thread started: setUp Thread Group 1-76
2017-06-12 13:22:52,487 INFO o.a.j.t.JMeterThread: Thread started: setUp Thread Group 1-77
2017-06-12 13:22:52,587 INFO o.a.j.t.JMeterThread: Thread started: setUp Thread Group 1-78
2017-06-12 13:22:52,691 INFO o.a.j.t.JMeterThread: Thread started: setUp Thread Group 1-79
2017-06-12 13:22:52,723 INFO o.a.j.t.JMeterThread: Thread is done: setUp Thread Group 1-31
2017-06-12 13:22:52,723 INFO o.a.j.t.JMeterThread: Thread finished: setUp Thread Group 1-31
2017-06-12 13:22:52,744 INFO o.a.j.t.JMeterThread: Thread is done: setUp Thread Group 1-37
2017-06-12 13:22:52,744 INFO o.a.j.t.JMeterThread: Thread is done: setUp Thread Group 1-24
2017-06-12 13:22:52,744 INFO o.a.j.t.JMeterThread: Thread finished: setUp Thread Group 1-37
2017-06-12 13:22:52,744 INFO o.a.j.t.JMeterThread: Thread finished: setUp Thread Group 1-24
2017-06-12 13:22:52,746 INFO o.a.j.t.JMeterThread: Thread is done: setUp Thread Group 1-16
2017-06-12 13:22:52,746 INFO o.a.j.t.JMeterThread: Thread finished: setUp Thread Group 1-16
2017-06-12 13:22:52,759 INFO o.a.j.t.JMeterThread: Thread is done: setUp Thread Group 1-20
2017-06-12 13:22:52,760 INFO o.a.j.t.JMeterThread: Thread finished: setUp Thread Group 1-20
2017-06-12 13:22:52,790 INFO o.a.j.t.JMeterThread: Thread started: setUp Thread Group 1-80
2017-06-12 13:22:52,840 INFO o.a.j.t.JMeterThread: Thread is done: setUp Thread Group 1-23
2017-06-12 13:22:52,840 INFO o.a.j.t.JMeterThread: Thread finished: setUp Thread Group 1-23
2017-06-12 13:22:52,888 INFO o.a.j.t.JMeterThread: Thread started: setUp Thread Group 1-81
2017-06-12 13:22:52,991 INFO o.a.j.t.JMeterThread: Thread started: setUp Thread Group 1-82
2017-06-12 13:22:53,020 INFO o.a.j.t.JMeterThread: Thread is done: setUp Thread Group 1-40
2017-06-12 13:22:53,020 INFO o.a.j.t.JMeterThread: Thread finished: setUp Thread Group 1-40
2017-06-12 13:22:53,089 INFO o.a.j.t.JMeterThread: Thread started: setUp Thread Group 1-83
2017-06-12 13:22:53,171 INFO o.a.j.t.JMeterThread: Thread is done: setUp Thread Group 1-41
2017-06-12 13:22:53,171 INFO o.a.j.t.JMeterThread: Thread finished: setUp Thread Group 1-41
2017-06-12 13:22:53,190 INFO o.a.j.t.JMeterThread: Thread started: setUp Thread Group 1-84
2017-06-12 13:22:53,291 INFO o.a.j.t.JMeterThread: Thread started: setUp Thread Group 1-85
2017-06-12 13:22:53,364 INFO o.a.j.t.JMeterThread: Thread is done: setUp Thread Group 1-42
2017-06-12 13:22:53,364 INFO o.a.j.t.JMeterThread: Thread finished: setUp Thread Group 1-42
2017-06-12 13:22:53,392 INFO o.a.j.t.JMeterThread: Thread started: setUp Thread Group 1-86
2017-06-12 13:22:53,396 INFO o.a.j.t.JMeterThread: Thread is done: setUp Thread Group 1-43
2017-06-12 13:22:53,396 INFO o.a.j.t.JMeterThread: Thread finished: setUp Thread Group 1-43
2017-06-12 13:22:53,491 INFO o.a.j.t.JMeterThread: Thread started: setUp Thread Group 1-87
2017-06-12 13:22:53,588 INFO o.a.j.t.JMeterThread: Thread started: setUp Thread Group 1-88
2017-06-12 13:22:53,591 INFO o.a.j.t.JMeterThread: Thread is done: setUp Thread Group 1-39
2017-06-12 13:22:53,591 INFO o.a.j.t.JMeterThread: Thread finished: setUp Thread Group 1-39
2017-06-12 13:22:53,620 INFO o.a.j.t.JMeterThread: Thread is done: setUp Thread Group 1-33
2017-06-12 13:22:53,620 INFO o.a.j.t.JMeterThread: Thread finished: setUp Thread Group 1-33
2017-06-12 13:22:53,690 INFO o.a.j.t.JMeterThread: Thread started: setUp Thread Group 1-89
2017-06-12 13:22:53,722 INFO o.a.j.t.JMeterThread: Thread is done: setUp Thread Group 1-19
2017-06-12 13:22:53,722 INFO o.a.j.t.JMeterThread: Thread finished: setUp Thread Group 1-19
2017-06-12 13:22:53,728 INFO o.a.j.t.JMeterThread: Thread is done: setUp Thread Group 1-18
2017-06-12 13:22:53,729 INFO o.a.j.t.JMeterThread: Thread finished: setUp Thread Group 1-18
2017-06-12 13:22:53,789 INFO o.a.j.t.JMeterThread: Thread started: setUp Thread Group 1-90
2017-06-12 13:22:53,792 INFO o.a.j.t.JMeterThread: Thread is done: setUp Thread Group 1-26
2017-06-12 13:22:53,792 INFO o.a.j.t.JMeterThread: Thread finished: setUp Thread Group 1-26
2017-06-12 13:22:53,817 INFO o.a.j.t.JMeterThread: Thread is done: setUp Thread Group 1-28
2017-06-12 13:22:53,817 INFO o.a.j.t.JMeterThread: Thread finished: setUp Thread Group 1-28
2017-06-12 13:22:53,893 INFO o.a.j.t.JMeterThread: Thread started: setUp Thread Group 1-91
2017-06-12 13:22:53,972 INFO o.a.j.t.JMeterThread: Thread is done: setUp Thread Group 1-32
2017-06-12 13:22:53,972 INFO o.a.j.t.JMeterThread: Thread finished: setUp Thread Group 1-32
2017-06-12 13:22:53,992 INFO o.a.j.t.JMeterThread: Thread started: setUp Thread Group 1-92
2017-06-12 13:22:54,093 INFO o.a.j.t.JMeterThread: Thread started: setUp Thread Group 1-93
2017-06-12 13:22:54,183 INFO o.a.j.t.JMeterThread: Thread is done: setUp Thread Group 1-36
2017-06-12 13:22:54,184 INFO o.a.j.t.JMeterThread: Thread finished: setUp Thread Group 1-36
2017-06-12 13:22:54,191 INFO o.a.j.t.JMeterThread: Thread started: setUp Thread Group 1-94
2017-06-12 13:22:54,291 INFO o.a.j.t.JMeterThread: Thread started: setUp Thread Group 1-95
2017-06-12 13:22:54,393 INFO o.a.j.t.JMeterThread: Thread started: setUp Thread Group 1-96
2017-06-12 13:22:54,493 INFO o.a.j.t.JMeterThread: Thread started: setUp Thread Group 1-97
2017-06-12 13:22:54,590 INFO o.a.j.t.JMeterThread: Thread started: setUp Thread Group 1-98
2017-06-12 13:22:54,590 INFO o.a.j.t.JMeterThread: Thread is done: setUp Thread Group 1-15
2017-06-12 13:22:54,590 INFO o.a.j.t.JMeterThread: Thread finished: setUp Thread Group 1-15
2017-06-12 13:22:54,691 INFO o.a.j.t.JMeterThread: Thread started: setUp Thread Group 1-99
2017-06-12 13:22:54,768 INFO o.a.j.t.JMeterThread: Thread is done: setUp Thread Group 1-27
2017-06-12 13:22:54,768 INFO o.a.j.t.JMeterThread: Thread finished: setUp Thread Group 1-27
2017-06-12 13:22:54,790 INFO o.a.j.t.JMeterThread: Thread is done: setUp Thread Group 1-35
2017-06-12 13:22:54,791 INFO o.a.j.t.JMeterThread: Thread finished: setUp Thread Group 1-35
2017-06-12 13:22:54,792 INFO o.a.j.t.JMeterThread: Thread is done: setUp Thread Group 1-29
2017-06-12 13:22:54,792 INFO o.a.j.t.JMeterThread: Thread finished: setUp Thread Group 1-29
2017-06-12 13:22:54,792 INFO o.a.j.t.JMeterThread: Thread started: setUp Thread Group 1-100
2017-06-12 13:22:54,814 INFO o.a.j.t.JMeterThread: Thread is done: setUp Thread Group 1-44
2017-06-12 13:22:54,814 INFO o.a.j.t.JMeterThread: Thread finished: setUp Thread Group 1-44
2017-06-12 13:22:54,991 INFO o.a.j.t.JMeterThread: Thread is done: setUp Thread Group 1-53
2017-06-12 13:22:54,991 INFO o.a.j.t.JMeterThread: Thread finished: setUp Thread Group 1-53
2017-06-12 13:22:55,075 INFO o.a.j.t.JMeterThread: Thread is done: setUp Thread Group 1-30
2017-06-12 13:22:55,075 INFO o.a.j.t.JMeterThread: Thread finished: setUp Thread Group 1-30
2017-06-12 13:22:55,075 INFO o.a.j.t.JMeterThread: Thread is done: setUp Thread Group 1-38
2017-06-12 13:22:55,075 INFO o.a.j.t.JMeterThread: Thread finished: setUp Thread Group 1-38
2017-06-12 13:22:55,255 INFO o.a.j.t.JMeterThread: Thread is done: setUp Thread Group 1-57
2017-06-12 13:22:55,255 INFO o.a.j.t.JMeterThread: Thread finished: setUp Thread Group 1-57
2017-06-12 13:22:55,302 INFO o.a.j.t.JMeterThread: Thread is done: setUp Thread Group 1-34
2017-06-12 13:22:55,302 INFO o.a.j.t.JMeterThread: Thread finished: setUp Thread Group 1-34
2017-06-12 13:22:55,499 INFO o.a.j.t.JMeterThread: Thread is done: setUp Thread Group 1-49
2017-06-12 13:22:55,499 INFO o.a.j.t.JMeterThread: Thread finished: setUp Thread Group 1-49
2017-06-12 13:22:55,562 INFO o.a.j.t.JMeterThread: Thread is done: setUp Thread Group 1-54
2017-06-12 13:22:55,562 INFO o.a.j.t.JMeterThread: Thread finished: setUp Thread Group 1-54
2017-06-12 13:22:55,562 INFO o.a.j.t.JMeterThread: Thread is done: setUp Thread Group 1-50
2017-06-12 13:22:55,562 INFO o.a.j.t.JMeterThread: Thread finished: setUp Thread Group 1-50
2017-06-12 13:23:24,293 INFO o.a.j.t.JMeterThread: Thread is done: setUp Thread Group 1-47
2017-06-12 13:23:24,293 INFO o.a.j.t.JMeterThread: Thread finished: setUp Thread Group 1-47
2017-06-12 13:23:38,913 INFO o.a.j.t.JMeterThread: Thread is done: setUp Thread Group 1-63
2017-06-12 13:23:38,913 INFO o.a.j.t.JMeterThread: Thread finished: setUp Thread Group 1-63
2017-06-12 13:23:39,050 INFO o.a.j.t.JMeterThread: Thread is done: setUp Thread Group 1-61
2017-06-12 13:23:39,050 INFO o.a.j.t.JMeterThread: Thread finished: setUp Thread Group 1-61
2017-06-12 13:23:39,051 INFO o.a.j.t.JMeterThread: Thread is done: setUp Thread Group 1-71
2017-06-12 13:23:39,051 INFO o.a.j.t.JMeterThread: Thread finished: setUp Thread Group 1-71
2017-06-12 13:23:39,052 INFO o.a.j.t.JMeterThread: Thread is done: setUp Thread Group 1-55
2017-06-12 13:23:39,052 INFO o.a.j.t.JMeterThread: Thread finished: setUp Thread Group 1-55
2017-06-12 13:23:39,053 INFO o.a.j.t.JMeterThread: Thread is done: setUp Thread Group 1-62
2017-06-12 13:23:39,053 INFO o.a.j.t.JMeterThread: Thread finished: setUp Thread Group 1-62
2017-06-12 13:23:39,057 INFO o.a.j.t.JMeterThread: Thread is done: setUp Thread Group 1-52
2017-06-12 13:23:39,057 INFO o.a.j.t.JMeterThread: Thread finished: setUp Thread Group 1-52
2017-06-12 13:23:39,057 INFO o.a.j.t.JMeterThread: Thread is done: setUp Thread Group 1-86
2017-06-12 13:23:39,057 INFO o.a.j.t.JMeterThread: Thread finished: setUp Thread Group 1-86
2017-06-12 13:23:39,058 INFO o.a.j.t.JMeterThread: Thread is done: setUp Thread Group 1-64
2017-06-12 13:23:39,058 INFO o.a.j.t.JMeterThread: Thread finished: setUp Thread Group 1-64
2017-06-12 13:23:39,061 INFO o.a.j.t.JMeterThread: Thread is done: setUp Thread Group 1-99
2017-06-12 13:23:39,062 INFO o.a.j.t.JMeterThread: Thread finished: setUp Thread Group 1-99
2017-06-12 13:23:39,062 INFO o.a.j.t.JMeterThread: Thread is done: setUp Thread Group 1-22
2017-06-12 13:23:39,062 INFO o.a.j.t.JMeterThread: Thread finished: setUp Thread Group 1-22
2017-06-12 13:23:39,063 INFO o.a.j.t.JMeterThread: Thread is done: setUp Thread Group 1-97
2017-06-12 13:23:39,063 INFO o.a.j.t.JMeterThread: Thread finished: setUp Thread Group 1-97
2017-06-12 13:23:39,066 INFO o.a.j.t.JMeterThread: Thread is done: setUp Thread Group 1-73
2017-06-12 13:23:39,066 INFO o.a.j.t.JMeterThread: Thread finished: setUp Thread Group 1-73
2017-06-12 13:23:39,120 INFO o.a.j.t.JMeterThread: Thread is done: setUp Thread Group 1-48
2017-06-12 13:23:39,120 INFO o.a.j.t.JMeterThread: Thread finished: setUp Thread Group 1-48
2017-06-12 13:23:39,121 INFO o.a.j.t.JMeterThread: Thread is done: setUp Thread Group 1-100
2017-06-12 13:23:39,121 INFO o.a.j.t.JMeterThread: Thread finished: setUp Thread Group 1-100
2017-06-12 13:23:39,126 INFO o.a.j.t.JMeterThread: Thread is done: setUp Thread Group 1-60
2017-06-12 13:23:39,126 INFO o.a.j.t.JMeterThread: Thread finished: setUp Thread Group 1-60
2017-06-12 13:23:39,127 INFO o.a.j.t.JMeterThread: Thread is done: setUp Thread Group 1-96
2017-06-12 13:23:39,127 INFO o.a.j.t.JMeterThread: Thread finished: setUp Thread Group 1-96
2017-06-12 13:23:39,131 INFO o.a.j.t.JMeterThread: Thread is done: setUp Thread Group 1-51
2017-06-12 13:23:39,131 INFO o.a.j.t.JMeterThread: Thread finished: setUp Thread Group 1-51
2017-06-12 13:23:39,132 INFO o.a.j.t.JMeterThread: Thread is done: setUp Thread Group 1-98
2017-06-12 13:23:39,132 INFO o.a.j.t.JMeterThread: Thread finished: setUp Thread Group 1-98
2017-06-12 13:23:39,133 INFO o.a.j.t.JMeterThread: Thread is done: setUp Thread Group 1-46
2017-06-12 13:23:39,134 INFO o.a.j.t.JMeterThread: Thread finished: setUp Thread Group 1-46
2017-06-12 13:23:39,135 INFO o.a.j.t.JMeterThread: Thread is done: setUp Thread Group 1-45
2017-06-12 13:23:39,135 INFO o.a.j.t.JMeterThread: Thread finished: setUp Thread Group 1-45
2017-06-12 13:23:39,136 INFO o.a.j.t.JMeterThread: Thread is done: setUp Thread Group 1-93
2017-06-12 13:23:39,136 INFO o.a.j.t.JMeterThread: Thread finished: setUp Thread Group 1-93
2017-06-12 13:23:39,156 INFO o.a.j.t.JMeterThread: Thread is done: setUp Thread Group 1-92
2017-06-12 13:23:39,156 INFO o.a.j.t.JMeterThread: Thread finished: setUp Thread Group 1-92
2017-06-12 13:23:39,181 INFO o.a.j.t.JMeterThread: Thread is done: setUp Thread Group 1-89
2017-06-12 13:23:39,181 INFO o.a.j.t.JMeterThread: Thread finished: setUp Thread Group 1-89
2017-06-12 13:23:39,181 INFO o.a.j.t.JMeterThread: Thread is done: setUp Thread Group 1-90
2017-06-12 13:23:39,181 INFO o.a.j.t.JMeterThread: Thread finished: setUp Thread Group 1-90
2017-06-12 13:23:39,181 INFO o.a.j.t.JMeterThread: Thread is done: setUp Thread Group 1-95
2017-06-12 13:23:39,182 INFO o.a.j.t.JMeterThread: Thread finished: setUp Thread Group 1-95
2017-06-12 13:23:39,183 INFO o.a.j.t.JMeterThread: Thread is done: setUp Thread Group 1-94
2017-06-12 13:23:39,183 INFO o.a.j.t.JMeterThread: Thread finished: setUp Thread Group 1-94
2017-06-12 13:23:39,184 INFO o.a.j.t.JMeterThread: Thread is done: setUp Thread Group 1-91
2017-06-12 13:23:39,184 INFO o.a.j.t.JMeterThread: Thread finished: setUp Thread Group 1-91
2017-06-12 13:23:39,186 INFO o.a.j.t.JMeterThread: Thread is done: setUp Thread Group 1-74
2017-06-12 13:23:39,186 INFO o.a.j.t.JMeterThread: Thread finished: setUp Thread Group 1-74
2017-06-12 13:23:39,187 INFO o.a.j.t.JMeterThread: Thread is done: setUp Thread Group 1-56
2017-06-12 13:23:39,187 INFO o.a.j.t.JMeterThread: Thread finished: setUp Thread Group 1-56
2017-06-12 13:23:39,188 INFO o.a.j.t.JMeterThread: Thread is done: setUp Thread Group 1-82
2017-06-12 13:23:39,188 INFO o.a.j.t.JMeterThread: Thread finished: setUp Thread Group 1-82
2017-06-12 13:23:39,189 INFO o.a.j.t.JMeterThread: Thread is done: setUp Thread Group 1-88
2017-06-12 13:23:39,189 INFO o.a.j.t.JMeterThread: Thread finished: setUp Thread Group 1-88
2017-06-12 13:23:39,200 INFO o.a.j.t.JMeterThread: Thread is done: setUp Thread Group 1-83
2017-06-12 13:23:39,200 INFO o.a.j.t.JMeterThread: Thread finished: setUp Thread Group 1-83
2017-06-12 13:23:39,201 INFO o.a.j.t.JMeterThread: Thread is done: setUp Thread Group 1-85
2017-06-12 13:23:39,201 INFO o.a.j.t.JMeterThread: Thread finished: setUp Thread Group 1-85
2017-06-12 13:23:39,209 INFO o.a.j.t.JMeterThread: Thread is done: setUp Thread Group 1-81
2017-06-12 13:23:39,209 INFO o.a.j.t.JMeterThread: Thread finished: setUp Thread Group 1-81
2017-06-12 13:23:39,210 INFO o.a.j.t.JMeterThread: Thread is done: setUp Thread Group 1-68
2017-06-12 13:23:39,210 INFO o.a.j.t.JMeterThread: Thread finished: setUp Thread Group 1-68
2017-06-12 13:23:39,211 INFO o.a.j.t.JMeterThread: Thread is done: setUp Thread Group 1-78
2017-06-12 13:23:39,211 INFO o.a.j.t.JMeterThread: Thread finished: setUp Thread Group 1-78
2017-06-12 13:23:39,212 INFO o.a.j.t.JMeterThread: Thread is done: setUp Thread Group 1-77
2017-06-12 13:23:39,212 INFO o.a.j.t.JMeterThread: Thread finished: setUp Thread Group 1-77
2017-06-12 13:23:39,215 INFO o.a.j.t.JMeterThread: Thread is done: setUp Thread Group 1-76
2017-06-12 13:23:39,215 INFO o.a.j.t.JMeterThread: Thread finished: setUp Thread Group 1-76
2017-06-12 13:23:39,217 INFO o.a.j.t.JMeterThread: Thread is done: setUp Thread Group 1-79
2017-06-12 13:23:39,217 INFO o.a.j.t.JMeterThread: Thread finished: setUp Thread Group 1-79
2017-06-12 13:23:39,219 INFO o.a.j.t.JMeterThread: Thread is done: setUp Thread Group 1-70
2017-06-12 13:23:39,219 INFO o.a.j.t.JMeterThread: Thread finished: setUp Thread Group 1-70
2017-06-12 13:23:39,226 INFO o.a.j.t.JMeterThread: Thread is done: setUp Thread Group 1-59
2017-06-12 13:23:39,226 INFO o.a.j.t.JMeterThread: Thread finished: setUp Thread Group 1-59
2017-06-12 13:23:39,227 INFO o.a.j.t.JMeterThread: Thread is done: setUp Thread Group 1-58
2017-06-12 13:23:39,227 INFO o.a.j.t.JMeterThread: Thread finished: setUp Thread Group 1-58
2017-06-12 13:23:39,228 INFO o.a.j.t.JMeterThread: Thread is done: setUp Thread Group 1-87
2017-06-12 13:23:39,228 INFO o.a.j.t.JMeterThread: Thread finished: setUp Thread Group 1-87
2017-06-12 13:23:39,230 INFO o.a.j.t.JMeterThread: Thread is done: setUp Thread Group 1-65
2017-06-12 13:23:39,230 INFO o.a.j.t.JMeterThread: Thread finished: setUp Thread Group 1-65
2017-06-12 13:23:39,235 INFO o.a.j.t.JMeterThread: Thread is done: setUp Thread Group 1-80
2017-06-12 13:23:39,235 INFO o.a.j.t.JMeterThread: Thread finished: setUp Thread Group 1-80
2017-06-12 13:23:39,236 INFO o.a.j.t.JMeterThread: Thread is done: setUp Thread Group 1-72
2017-06-12 13:23:39,236 INFO o.a.j.t.JMeterThread: Thread finished: setUp Thread Group 1-72
2017-06-12 13:23:39,238 INFO o.a.j.t.JMeterThread: Thread is done: setUp Thread Group 1-75
2017-06-12 13:23:39,238 INFO o.a.j.t.JMeterThread: Thread finished: setUp Thread Group 1-75
2017-06-12 13:23:39,239 INFO o.a.j.t.JMeterThread: Thread is done: setUp Thread Group 1-67
2017-06-12 13:23:39,239 INFO o.a.j.t.JMeterThread: Thread finished: setUp Thread Group 1-67
2017-06-12 13:23:39,245 INFO o.a.j.t.JMeterThread: Thread is done: setUp Thread Group 1-69
2017-06-12 13:23:39,245 INFO o.a.j.t.JMeterThread: Thread finished: setUp Thread Group 1-69
2017-06-12 13:23:39,246 INFO o.a.j.t.JMeterThread: Thread is done: setUp Thread Group 1-66
2017-06-12 13:23:39,246 INFO o.a.j.t.JMeterThread: Thread finished: setUp Thread Group 1-66
2017-06-12 13:23:39,247 INFO o.a.j.t.JMeterThread: Thread is done: setUp Thread Group 1-84
2017-06-12 13:23:39,247 INFO o.a.j.t.JMeterThread: Thread finished: setUp Thread Group 1-84
2017-06-12 13:23:39,247 INFO o.a.j.e.StandardJMeterEngine: All Setup Threads have ended
2017-06-12 13:23:39,450 INFO o.a.j.e.StandardJMeterEngine: No enabled thread groups found
2017-06-12 13:23:39,450 INFO o.a.j.e.StandardJMeterEngine: Notifying test listeners of end of test
2017-06-12 13:23:39,450 INFO o.a.j.g.u.JMeterMenuBar: setRunning(false, *local*)
2017-06-12 13:29:18,565 INFO o.a.j.e.StandardJMeterEngine: Running the test!
2017-06-12 13:29:18,570 INFO o.a.j.s.SampleEvent: List of sample_variables: []
2017-06-12 13:29:18,571 INFO o.a.j.g.u.JMeterMenuBar: setRunning(true, *local*)
2017-06-12 13:29:18,583 INFO o.a.j.e.StandardJMeterEngine: Starting setUp thread groups
2017-06-12 13:29:18,583 INFO o.a.j.e.StandardJMeterEngine: Starting setUp ThreadGroup: 1 : setUp Thread Group
2017-06-12 13:29:18,583 INFO o.a.j.e.StandardJMeterEngine: Starting 50 threads for group setUp Thread Group.
2017-06-12 13:29:18,583 INFO o.a.j.e.StandardJMeterEngine: Thread will continue on error
2017-06-12 13:29:18,583 INFO o.a.j.t.ThreadGroup: Starting thread group... number=1 threads=50 ramp-up=10 perThread=200.0 delayedStart=false
2017-06-12 13:29:18,584 INFO o.a.j.t.JMeterThread: Thread started: setUp Thread Group 1-1
2017-06-12 13:29:18,591 INFO o.a.j.t.ThreadGroup: Started thread group number 1
2017-06-12 13:29:18,591 INFO o.a.j.e.StandardJMeterEngine: Waiting for all setup thread groups to exit
2017-06-12 13:29:18,788 INFO o.a.j.t.JMeterThread: Thread started: setUp Thread Group 1-2
2017-06-12 13:29:18,886 INFO o.a.j.t.JMeterThread: Thread is done: setUp Thread Group 1-1
2017-06-12 13:29:18,886 INFO o.a.j.t.JMeterThread: Thread finished: setUp Thread Group 1-1
2017-06-12 13:29:18,988 INFO o.a.j.t.JMeterThread: Thread started: setUp Thread Group 1-3
2017-06-12 13:29:19,189 INFO o.a.j.t.JMeterThread: Thread started: setUp Thread Group 1-4
2017-06-12 13:29:19,353 INFO o.a.j.t.JMeterThread: Thread is done: setUp Thread Group 1-3
2017-06-12 13:29:19,353 INFO o.a.j.t.JMeterThread: Thread finished: setUp Thread Group 1-3
2017-06-12 13:29:19,388 INFO o.a.j.t.JMeterThread: Thread started: setUp Thread Group 1-5
2017-06-12 13:29:19,389 INFO o.a.j.t.JMeterThread: Thread is done: setUp Thread Group 1-2
2017-06-12 13:29:19,389 INFO o.a.j.t.JMeterThread: Thread finished: setUp Thread Group 1-2
2017-06-12 13:29:19,394 INFO o.a.j.t.JMeterThread: Thread is done: setUp Thread Group 1-4
2017-06-12 13:29:19,394 INFO o.a.j.t.JMeterThread: Thread finished: setUp Thread Group 1-4
2017-06-12 13:29:19,566 INFO o.a.j.t.JMeterThread: Thread is done: setUp Thread Group 1-5
2017-06-12 13:29:19,566 INFO o.a.j.t.JMeterThread: Thread finished: setUp Thread Group 1-5
2017-06-12 13:29:19,588 INFO o.a.j.t.JMeterThread: Thread started: setUp Thread Group 1-6
2017-06-12 13:29:19,788 INFO o.a.j.t.JMeterThread: Thread started: setUp Thread Group 1-7
2017-06-12 13:29:19,797 INFO o.a.j.t.JMeterThread: Thread is done: setUp Thread Group 1-6
2017-06-12 13:29:19,797 INFO o.a.j.t.JMeterThread: Thread finished: setUp Thread Group 1-6
2017-06-12 13:29:19,982 INFO o.a.j.t.JMeterThread: Thread is done: setUp Thread Group 1-7
2017-06-12 13:29:19,982 INFO o.a.j.t.JMeterThread: Thread finished: setUp Thread Group 1-7
2017-06-12 13:29:19,988 INFO o.a.j.t.JMeterThread: Thread started: setUp Thread Group 1-8
2017-06-12 13:29:20,187 INFO o.a.j.t.JMeterThread: Thread started: setUp Thread Group 1-9
2017-06-12 13:29:20,189 INFO o.a.j.t.JMeterThread: Thread is done: setUp Thread Group 1-8
2017-06-12 13:29:20,189 INFO o.a.j.t.JMeterThread: Thread finished: setUp Thread Group 1-8
2017-06-12 13:29:20,364 INFO o.a.j.t.JMeterThread: Thread is done: setUp Thread Group 1-9
2017-06-12 13:29:20,364 INFO o.a.j.t.JMeterThread: Thread finished: setUp Thread Group 1-9
2017-06-12 13:29:20,389 INFO o.a.j.t.JMeterThread: Thread started: setUp Thread Group 1-10
2017-06-12 13:29:20,547 INFO o.a.j.t.JMeterThread: Thread is done: setUp Thread Group 1-10
2017-06-12 13:29:20,547 INFO o.a.j.t.JMeterThread: Thread finished: setUp Thread Group 1-10
2017-06-12 13:29:20,589 INFO o.a.j.t.JMeterThread: Thread started: setUp Thread Group 1-11
2017-06-12 13:29:20,782 INFO o.a.j.t.JMeterThread: Thread is done: setUp Thread Group 1-11
2017-06-12 13:29:20,782 INFO o.a.j.t.JMeterThread: Thread finished: setUp Thread Group 1-11
2017-06-12 13:29:20,789 INFO o.a.j.t.JMeterThread: Thread started: setUp Thread Group 1-12
2017-06-12 13:29:20,952 INFO o.a.j.t.JMeterThread: Thread is done: setUp Thread Group 1-12
2017-06-12 13:29:20,952 INFO o.a.j.t.JMeterThread: Thread finished: setUp Thread Group 1-12
2017-06-12 13:29:20,989 INFO o.a.j.t.JMeterThread: Thread started: setUp Thread Group 1-13
2017-06-12 13:29:21,138 INFO o.a.j.t.JMeterThread: Thread is done: setUp Thread Group 1-13
2017-06-12 13:29:21,138 INFO o.a.j.t.JMeterThread: Thread finished: setUp Thread Group 1-13
2017-06-12 13:29:21,190 INFO o.a.j.t.JMeterThread: Thread started: setUp Thread Group 1-14
2017-06-12 13:29:21,358 INFO o.a.j.t.JMeterThread: Thread is done: setUp Thread Group 1-14
2017-06-12 13:29:21,358 INFO o.a.j.t.JMeterThread: Thread finished: setUp Thread Group 1-14
2017-06-12 13:29:21,391 INFO o.a.j.t.JMeterThread: Thread started: setUp Thread Group 1-15
2017-06-12 13:29:21,590 INFO o.a.j.t.JMeterThread: Thread started: setUp Thread Group 1-16
2017-06-12 13:29:21,657 INFO o.a.j.t.JMeterThread: Thread is done: setUp Thread Group 1-15
2017-06-12 13:29:21,657 INFO o.a.j.t.JMeterThread: Thread finished: setUp Thread Group 1-15
2017-06-12 13:29:21,788 INFO o.a.j.t.JMeterThread: Thread started: setUp Thread Group 1-17
2017-06-12 13:29:21,815 INFO o.a.j.t.JMeterThread: Thread is done: setUp Thread Group 1-16
2017-06-12 13:29:21,815 INFO o.a.j.t.JMeterThread: Thread finished: setUp Thread Group 1-16
2017-06-12 13:29:21,962 INFO o.a.j.t.JMeterThread: Thread is done: setUp Thread Group 1-17
2017-06-12 13:29:21,963 INFO o.a.j.t.JMeterThread: Thread finished: setUp Thread Group 1-17
2017-06-12 13:29:21,991 INFO o.a.j.t.JMeterThread: Thread started: setUp Thread Group 1-18
2017-06-12 13:29:22,169 INFO o.a.j.t.JMeterThread: Thread is done: setUp Thread Group 1-18
2017-06-12 13:29:22,169 INFO o.a.j.t.JMeterThread: Thread finished: setUp Thread Group 1-18
2017-06-12 13:29:22,189 INFO o.a.j.t.JMeterThread: Thread started: setUp Thread Group 1-19
2017-06-12 13:29:22,335 INFO o.a.j.t.JMeterThread: Thread is done: setUp Thread Group 1-19
2017-06-12 13:29:22,335 INFO o.a.j.t.JMeterThread: Thread finished: setUp Thread Group 1-19
2017-06-12 13:29:22,390 INFO o.a.j.t.JMeterThread: Thread started: setUp Thread Group 1-20
2017-06-12 13:29:22,590 INFO o.a.j.t.JMeterThread: Thread started: setUp Thread Group 1-21
2017-06-12 13:29:22,592 INFO o.a.j.t.JMeterThread: Thread is done: setUp Thread Group 1-20
2017-06-12 13:29:22,592 INFO o.a.j.t.JMeterThread: Thread finished: setUp Thread Group 1-20
2017-06-12 13:29:22,764 INFO o.a.j.t.JMeterThread: Thread is done: setUp Thread Group 1-21
2017-06-12 13:29:22,764 INFO o.a.j.t.JMeterThread: Thread finished: setUp Thread Group 1-21
2017-06-12 13:29:22,791 INFO o.a.j.t.JMeterThread: Thread started: setUp Thread Group 1-22
2017-06-12 13:29:22,933 INFO o.a.j.t.JMeterThread: Thread is done: setUp Thread Group 1-22
2017-06-12 13:29:22,933 INFO o.a.j.t.JMeterThread: Thread finished: setUp Thread Group 1-22
2017-06-12 13:29:22,991 INFO o.a.j.t.JMeterThread: Thread started: setUp Thread Group 1-23
2017-06-12 13:29:23,162 INFO o.a.j.t.JMeterThread: Thread is done: setUp Thread Group 1-23
2017-06-12 13:29:23,162 INFO o.a.j.t.JMeterThread: Thread finished: setUp Thread Group 1-23
2017-06-12 13:29:23,189 INFO o.a.j.t.JMeterThread: Thread started: setUp Thread Group 1-24
2017-06-12 13:29:23,358 INFO o.a.j.t.JMeterThread: Thread is done: setUp Thread Group 1-24
2017-06-12 13:29:23,358 INFO o.a.j.t.JMeterThread: Thread finished: setUp Thread Group 1-24
2017-06-12 13:29:23,391 INFO o.a.j.t.JMeterThread: Thread started: setUp Thread Group 1-25
2017-06-12 13:29:23,589 INFO o.a.j.t.JMeterThread: Thread started: setUp Thread Group 1-26
2017-06-12 13:29:23,601 INFO o.a.j.t.JMeterThread: Thread is done: setUp Thread Group 1-25
2017-06-12 13:29:23,601 INFO o.a.j.t.JMeterThread: Thread finished: setUp Thread Group 1-25
2017-06-12 13:29:23,739 INFO o.a.j.t.JMeterThread: Thread is done: setUp Thread Group 1-26
2017-06-12 13:29:23,739 INFO o.a.j.t.JMeterThread: Thread finished: setUp Thread Group 1-26
2017-06-12 13:29:23,792 INFO o.a.j.t.JMeterThread: Thread started: setUp Thread Group 1-27
2017-06-12 13:29:23,938 INFO o.a.j.t.JMeterThread: Thread is done: setUp Thread Group 1-27
2017-06-12 13:29:23,938 INFO o.a.j.t.JMeterThread: Thread finished: setUp Thread Group 1-27
2017-06-12 13:29:23,993 INFO o.a.j.t.JMeterThread: Thread started: setUp Thread Group 1-28
2017-06-12 13:29:24,130 INFO o.a.j.t.JMeterThread: Thread is done: setUp Thread Group 1-28
2017-06-12 13:29:24,130 INFO o.a.j.t.JMeterThread: Thread finished: setUp Thread Group 1-28
2017-06-12 13:29:24,192 INFO o.a.j.t.JMeterThread: Thread started: setUp Thread Group 1-29
2017-06-12 13:29:24,344 INFO o.a.j.t.JMeterThread: Thread is done: setUp Thread Group 1-29
2017-06-12 13:29:24,344 INFO o.a.j.t.JMeterThread: Thread finished: setUp Thread Group 1-29
2017-06-12 13:29:24,392 INFO o.a.j.t.JMeterThread: Thread started: setUp Thread Group 1-30
2017-06-12 13:29:24,550 INFO o.a.j.t.JMeterThread: Thread is done: setUp Thread Group 1-30
2017-06-12 13:29:24,551 INFO o.a.j.t.JMeterThread: Thread finished: setUp Thread Group 1-30
2017-06-12 13:29:24,591 INFO o.a.j.t.JMeterThread: Thread started: setUp Thread Group 1-31
2017-06-12 13:29:24,785 INFO o.a.j.t.JMeterThread: Thread is done: setUp Thread Group 1-31
2017-06-12 13:29:24,785 INFO o.a.j.t.JMeterThread: Thread finished: setUp Thread Group 1-31
2017-06-12 13:29:24,792 INFO o.a.j.t.JMeterThread: Thread started: setUp Thread Group 1-32
2017-06-12 13:29:24,946 INFO o.a.j.t.JMeterThread: Thread is done: setUp Thread Group 1-32
2017-06-12 13:29:24,946 INFO o.a.j.t.JMeterThread: Thread finished: setUp Thread Group 1-32
2017-06-12 13:29:24,991 INFO o.a.j.t.JMeterThread: Thread started: setUp Thread Group 1-33
2017-06-12 13:29:25,129 INFO o.a.j.t.JMeterThread: Thread is done: setUp Thread Group 1-33
2017-06-12 13:29:25,129 INFO o.a.j.t.JMeterThread: Thread finished: setUp Thread Group 1-33
2017-06-12 13:29:25,192 INFO o.a.j.t.JMeterThread: Thread started: setUp Thread Group 1-34
2017-06-12 13:29:25,353 INFO o.a.j.t.JMeterThread: Thread is done: setUp Thread Group 1-34
2017-06-12 13:29:25,353 INFO o.a.j.t.JMeterThread: Thread finished: setUp Thread Group 1-34
2017-06-12 13:29:25,390 INFO o.a.j.t.JMeterThread: Thread started: setUp Thread Group 1-35
2017-06-12 13:29:25,539 INFO o.a.j.t.JMeterThread: Thread is done: setUp Thread Group 1-35
2017-06-12 13:29:25,539 INFO o.a.j.t.JMeterThread: Thread finished: setUp Thread Group 1-35
2017-06-12 13:29:25,593 INFO o.a.j.t.JMeterThread: Thread started: setUp Thread Group 1-36
2017-06-12 13:29:25,793 INFO o.a.j.t.JMeterThread: Thread started: setUp Thread Group 1-37
2017-06-12 13:29:25,891 INFO o.a.j.t.JMeterThread: Thread is done: setUp Thread Group 1-36
2017-06-12 13:29:25,891 INFO o.a.j.t.JMeterThread: Thread finished: setUp Thread Group 1-36
2017-06-12 13:29:25,989 INFO o.a.j.t.JMeterThread: Thread started: setUp Thread Group 1-38
2017-06-12 13:29:26,038 INFO o.a.j.t.JMeterThread: Thread is done: setUp Thread Group 1-37
2017-06-12 13:29:26,038 INFO o.a.j.t.JMeterThread: Thread finished: setUp Thread Group 1-37
2017-06-12 13:29:26,190 INFO o.a.j.t.JMeterThread: Thread started: setUp Thread Group 1-39
2017-06-12 13:29:26,394 INFO o.a.j.t.JMeterThread: Thread started: setUp Thread Group 1-40
2017-06-12 13:29:26,594 INFO o.a.j.t.JMeterThread: Thread started: setUp Thread Group 1-41
2017-06-12 13:29:26,791 INFO o.a.j.t.JMeterThread: Thread started: setUp Thread Group 1-42
2017-06-12 13:29:26,995 INFO o.a.j.t.JMeterThread: Thread started: setUp Thread Group 1-43
2017-06-12 13:29:27,195 INFO o.a.j.t.JMeterThread: Thread started: setUp Thread Group 1-44
2017-06-12 13:29:27,395 INFO o.a.j.t.JMeterThread: Thread started: setUp Thread Group 1-45
2017-06-12 13:29:27,596 INFO o.a.j.t.JMeterThread: Thread started: setUp Thread Group 1-46
2017-06-12 13:29:27,796 INFO o.a.j.t.JMeterThread: Thread started: setUp Thread Group 1-47
2017-06-12 13:29:27,996 INFO o.a.j.t.JMeterThread: Thread started: setUp Thread Group 1-48
2017-06-12 13:29:28,196 INFO o.a.j.t.JMeterThread: Thread started: setUp Thread Group 1-49
2017-06-12 13:29:28,396 INFO o.a.j.t.JMeterThread: Thread started: setUp Thread Group 1-50
2017-06-12 13:29:55,225 INFO o.a.j.t.JMeterThread: Thread is done: setUp Thread Group 1-38
2017-06-12 13:29:55,231 INFO o.a.j.t.JMeterThread: Thread finished: setUp Thread Group 1-38
2017-06-12 13:29:55,411 INFO o.a.j.t.JMeterThread: Thread is done: setUp Thread Group 1-39
2017-06-12 13:29:55,411 INFO o.a.j.t.JMeterThread: Thread finished: setUp Thread Group 1-39
2017-06-12 13:29:55,627 INFO o.a.j.t.JMeterThread: Thread is done: setUp Thread Group 1-40
2017-06-12 13:29:55,627 INFO o.a.j.t.JMeterThread: Thread finished: setUp Thread Group 1-40
2017-06-12 13:29:55,805 INFO o.a.j.t.JMeterThread: Thread is done: setUp Thread Group 1-41
2017-06-12 13:29:55,805 INFO o.a.j.t.JMeterThread: Thread finished: setUp Thread Group 1-41
2017-06-12 13:29:56,023 INFO o.a.j.t.JMeterThread: Thread is done: setUp Thread Group 1-42
2017-06-12 13:29:56,023 INFO o.a.j.t.JMeterThread: Thread finished: setUp Thread Group 1-42
2017-06-12 13:29:56,250 INFO o.a.j.t.JMeterThread: Thread is done: setUp Thread Group 1-43
2017-06-12 13:29:56,250 INFO o.a.j.t.JMeterThread: Thread finished: setUp Thread Group 1-43
2017-06-12 13:29:56,431 INFO o.a.j.t.JMeterThread: Thread is done: setUp Thread Group 1-44
2017-06-12 13:29:56,431 INFO o.a.j.t.JMeterThread: Thread finished: setUp Thread Group 1-44
2017-06-12 13:29:56,636 INFO o.a.j.t.JMeterThread: Thread is done: setUp Thread Group 1-45
2017-06-12 13:29:56,636 INFO o.a.j.t.JMeterThread: Thread finished: setUp Thread Group 1-45
2017-06-12 13:29:56,823 INFO o.a.j.t.JMeterThread: Thread is done: setUp Thread Group 1-46
2017-06-12 13:29:56,823 INFO o.a.j.t.JMeterThread: Thread finished: setUp Thread Group 1-46
2017-06-12 13:29:57,064 INFO o.a.j.t.JMeterThread: Thread is done: setUp Thread Group 1-47
2017-06-12 13:29:57,064 INFO o.a.j.t.JMeterThread: Thread finished: setUp Thread Group 1-47
2017-06-12 13:29:57,221 INFO o.a.j.t.JMeterThread: Thread is done: setUp Thread Group 1-48
2017-06-12 13:29:57,221 INFO o.a.j.t.JMeterThread: Thread finished: setUp Thread Group 1-48
2017-06-12 13:29:57,435 INFO o.a.j.t.JMeterThread: Thread is done: setUp Thread Group 1-49
2017-06-12 13:29:57,435 INFO o.a.j.t.JMeterThread: Thread finished: setUp Thread Group 1-49
2017-06-12 13:29:57,638 INFO o.a.j.t.JMeterThread: Thread is done: setUp Thread Group 1-50
2017-06-12 13:29:57,639 INFO o.a.j.t.JMeterThread: Thread finished: setUp Thread Group 1-50
2017-06-12 13:29:57,639 INFO o.a.j.e.StandardJMeterEngine: All Setup Threads have ended
2017-06-12 13:29:57,787 INFO o.a.j.e.StandardJMeterEngine: No enabled thread groups found
2017-06-12 13:29:57,787 INFO o.a.j.e.StandardJMeterEngine: Notifying test listeners of end of test
2017-06-12 13:29:57,787 INFO o.a.j.g.u.JMeterMenuBar: setRunning(false, *local*)
2017-06-12 16:24:42,977 INFO o.a.j.s.FileServer: Set new base='/Users/ixan/Desktop'
2017-06-12 16:24:43,128 INFO o.a.j.s.SaveService: Testplan (JMX) version: 2.2. Testlog (JTL) version: 2.2
2017-06-12 16:24:43,147 INFO o.a.j.s.SaveService: Using SaveService properties file encoding UTF-8
2017-06-12 16:24:43,148 INFO o.a.j.s.SaveService: Using SaveService properties version 3.2
